Using pre-set license
Built from '2021.3/staging' branch; Version is '2021.3.2f1 (d6360bedb9a0) revision 14038539'; Using compiler version '192829333'; Build Type 'Release'
OS: 'Windows 10  (10.0.19044) 64bit Professional' Language: 'es' Physical Memory: 16307 MB
BatchMode: 1, IsHumanControllingUs: 0, StartBugReporterOnCrash: 0, Is64bit: 1, IsPro: 1

COMMAND LINE ARGUMENTS:
C:\Program Files\Unity\Hub\Editor\2021.3.2f1\Editor\Unity.exe
-adb2
-batchMode
-noUpm
-name
AssetImportWorker0
-projectPath
C:/wamp64/www/CHILDDAY_2022
-logFile
Logs/AssetImportWorker0.log
-srvPort
59794
Successfully changed project path to: C:/wamp64/www/CHILDDAY_2022
C:/wamp64/www/CHILDDAY_2022
[UnityMemory] Configuration Parameters - Can be set up in boot.config
    "memorysetup-bucket-allocator-granularity=16"
    "memorysetup-bucket-allocator-bucket-count=8"
    "memorysetup-bucket-allocator-block-size=33554432"
    "memorysetup-bucket-allocator-block-count=8"
    "memorysetup-main-allocator-block-size=16777216"
    "memorysetup-thread-allocator-block-size=16777216"
    "memorysetup-gfx-main-allocator-block-size=16777216"
    "memorysetup-gfx-thread-allocator-block-size=16777216"
    "memorysetup-cache-allocator-block-size=4194304"
    "memorysetup-typetree-allocator-block-size=2097152"
    "memorysetup-profiler-bucket-allocator-granularity=16"
    "memorysetup-profiler-bucket-allocator-bucket-count=8"
    "memorysetup-profiler-bucket-allocator-block-size=33554432"
    "memorysetup-profiler-bucket-allocator-block-count=8"
    "memorysetup-profiler-allocator-block-size=16777216"
    "memorysetup-profiler-editor-allocator-block-size=1048576"
    "memorysetup-temp-allocator-size-main=16777216"
    "memorysetup-job-temp-allocator-block-size=2097152"
    "memorysetup-job-temp-allocator-block-size-background=1048576"
    "memorysetup-job-temp-allocator-reduction-small-platforms=262144"
    "memorysetup-temp-allocator-size-background-worker=32768"
    "memorysetup-temp-allocator-size-job-worker=262144"
    "memorysetup-temp-allocator-size-preload-manager=33554432"
    "memorysetup-temp-allocator-size-nav-mesh-worker=65536"
    "memorysetup-temp-allocator-size-audio-worker=65536"
    "memorysetup-temp-allocator-size-cloud-worker=32768"
    "memorysetup-temp-allocator-size-gi-baking-worker=262144"
    "memorysetup-temp-allocator-size-gfx=262144"
Refreshing native plugins compatible for Editor in 96.52 ms, found 3 plugins.
Preloading 0 native plugins for Editor in 0.00 ms.
Initialize engine version: 2021.3.2f1 (d6360bedb9a0)
[Subsystems] Discovering subsystems at path C:/Program Files/Unity/Hub/Editor/2021.3.2f1/Editor/Data/Resources/UnitySubsystems
[Subsystems] Discovering subsystems at path C:/wamp64/www/CHILDDAY_2022/Assets
GfxDevice: creating device client; threaded=0; jobified=0
Direct3D:
    Version:  Direct3D 11.0 [level 11.1]
    Renderer: AMD Radeon R7 240 Series (ID=0x6617)
    Vendor:   ATI
    VRAM:     2028 MB
    Driver:   27.20.1034.6
Initialize mono
Mono path[0] = 'C:/Program Files/Unity/Hub/Editor/2021.3.2f1/Editor/Data/Managed'
Mono path[1] = 'C:/Program Files/Unity/Hub/Editor/2021.3.2f1/Editor/Data/MonoBleedingEdge/lib/mono/unityjit-win32'
Mono config path = 'C:/Program Files/Unity/Hub/Editor/2021.3.2f1/Editor/Data/MonoBleedingEdge/etc'
Using monoOptions --debugger-agent=transport=dt_socket,embedding=1,server=y,suspend=n,address=127.0.0.1:56896
Begin MonoManager ReloadAssembly
Registering precompiled unity dll's ...
Register platform support module: C:/Program Files/Unity/Hub/Editor/2021.3.2f1/Editor/Data/PlaybackEngines/WebGLSupport/UnityEditor.WebGL.Extensions.dll
Register platform support module: C:/Program Files/Unity/Hub/Editor/2021.3.2f1/Editor/Data/PlaybackEngines/AndroidPlayer/UnityEditor.Android.Extensions.dll
Register platform support module: C:/Program Files/Unity/Hub/Editor/2021.3.2f1/Editor/Data/PlaybackEngines/WindowsStandaloneSupport/UnityEditor.WindowsStandalone.Extensions.dll
Registered in 0.007991 seconds.
Native extension for WindowsStandalone target not found
Native extension for Android target not found
Native extension for WebGL target not found
Refreshing native plugins compatible for Editor in 88.42 ms, found 3 plugins.
Preloading 0 native plugins for Editor in 0.00 ms.
Mono: successfully reloaded assembly
- Completed reload, in  0.759 seconds
Domain Reload Profiling:
	ReloadAssembly (759ms)
		BeginReloadAssembly (82ms)
			ExecutionOrderSort (0ms)
			DisableScriptedObjects (0ms)
			BackupInstance (0ms)
			ReleaseScriptingObjects (0ms)
			CreateAndSetChildDomain (1ms)
		EndReloadAssembly (548ms)
			LoadAssemblies (80ms)
			RebuildTransferFunctionScriptingTraits (0ms)
			SetupTypeCache (125ms)
			ReleaseScriptCaches (0ms)
			RebuildScriptCaches (34ms)
			SetupLoadedEditorAssemblies (334ms)
				LogAssemblyErrors (0ms)
				InitializePlatformSupportModulesInManaged (64ms)
				SetLoadedEditorAssemblies (0ms)
				RefreshPlugins (88ms)
				BeforeProcessingInitializeOnLoad (1ms)
				ProcessInitializeOnLoadAttributes (126ms)
				ProcessInitializeOnLoadMethodAttributes (55ms)
				AfterProcessingInitializeOnLoad (0ms)
				EditorAssembliesLoaded (0ms)
			ExecutionOrderSort2 (0ms)
			AwakeInstancesAfterBackupRestoration (0ms)
Platform modules already initialized, skipping
Registering precompiled user dll's ...
Registered in 0.006004 seconds.
Begin MonoManager ReloadAssembly
Symbol file LoadedFromMemory doesn't match image C:\wamp64\www\CHILDDAY_2022\Library\PackageCache\com.unity.visualscripting@1.7.6\Editor\VisualScripting.Core\Dependencies\YamlDotNet\Unity.VisualScripting.YamlDotNet.dll
Symbol file LoadedFromMemory doesn't match image C:\wamp64\www\CHILDDAY_2022\Library\PackageCache\com.unity.visualscripting@1.7.6\Editor\VisualScripting.Core\Dependencies\DotNetZip\Unity.VisualScripting.IonicZip.dll
Native extension for WindowsStandalone target not found
Native extension for Android target not found
Native extension for WebGL target not found
Refreshing native plugins compatible for Editor in 0.57 ms, found 3 plugins.
Preloading 0 native plugins for Editor in 0.00 ms.
Mono: successfully reloaded assembly
- Completed reload, in  1.347 seconds
Domain Reload Profiling:
	ReloadAssembly (1348ms)
		BeginReloadAssembly (281ms)
			ExecutionOrderSort (0ms)
			DisableScriptedObjects (6ms)
			BackupInstance (0ms)
			ReleaseScriptingObjects (0ms)
			CreateAndSetChildDomain (172ms)
		EndReloadAssembly (934ms)
			LoadAssemblies (91ms)
			RebuildTransferFunctionScriptingTraits (0ms)
			SetupTypeCache (308ms)
			ReleaseScriptCaches (1ms)
			RebuildScriptCaches (59ms)
			SetupLoadedEditorAssemblies (434ms)
				LogAssemblyErrors (0ms)
				InitializePlatformSupportModulesInManaged (18ms)
				SetLoadedEditorAssemblies (1ms)
				RefreshPlugins (1ms)
				BeforeProcessingInitializeOnLoad (102ms)
				ProcessInitializeOnLoadAttributes (271ms)
				ProcessInitializeOnLoadMethodAttributes (34ms)
				AfterProcessingInitializeOnLoad (7ms)
				EditorAssembliesLoaded (0ms)
			ExecutionOrderSort2 (0ms)
			AwakeInstancesAfterBackupRestoration (7ms)
Platform modules already initialized, skipping
========================================================================
Worker process is ready to serve import requests
Launched and connected shader compiler UnityShaderCompiler.exe after 0.08 seconds
Refreshing native plugins compatible for Editor in 0.60 ms, found 3 plugins.
Preloading 0 native plugins for Editor in 0.00 ms.
Unloading 3360 Unused Serialized files (Serialized files now loaded: 0)
Unloading 26 unused Assets / (112.1 KB). Loaded Objects now: 3819.
Memory consumption went from 115.6 MB to 115.5 MB.
Total: 4.011700 ms (FindLiveObjects: 0.339400 ms CreateObjectMapping: 0.262800 ms MarkObjects: 3.278500 ms  DeleteObjects: 0.129800 ms)

AssetImportParameters requested are different than current active one (requested -> active):
  custom:video-decoder-ogg-theora: a1e56fd34408186e4bbccfd4996cb3dc -> 
  custom:container-muxer-webm: aa71ff27fc2769a1b78a27578f13a17b -> 
  custom:container-demuxer-webm: 4f35f7cbe854078d1ac9338744f61a02 -> 
  custom:video-encoder-webm-vp8: eb34c28f22e8b96e1ab97ce403110664 -> 
  custom:audio-encoder-webm-vorbis: bf7c407c2cedff20999df2af8eb42d56 -> 
  custom:framework-win-MediaFoundation: 216162199b28c13a410421893ffa2e32 -> 
  custom:container-demuxer-ogg: 62fdf1f143b41e24485cea50d1cbac27 -> 
  custom:video-decoder-webm-vp8: 9c59270c3fd7afecdb556c50c9e8de78 -> 
  custom:audio-decoder-ogg-vorbis: bf7c407c2cedff20999df2af8eb42d56 -> 
========================================================================
Received Import Request.
  Time since last request: 13754.099604 seconds.
  path: Assets/Scenes/SampleScene.unity
  artifactKey: Guid(9fc0d4010bbf28b4594072e72b8655ab) Importer(815301076,1909f56bfc062723c751e8b465ee728b)
Start importing Assets/Scenes/SampleScene.unity using Guid(9fc0d4010bbf28b4594072e72b8655ab) Importer(815301076,1909f56bfc062723c751e8b465ee728b)  -> (artifact id: 'e55ccaa32d8e5c1de03c07a5412c8c3c') in 0.011547 seconds 
========================================================================
Received Import Request.
  Time since last request: 1.609554 seconds.
  path: Assets/Scenes/SPLASH.unity
  artifactKey: Guid(9fc0d4010bbf28b4594072e72b8655ab) Importer(815301076,1909f56bfc062723c751e8b465ee728b)
Start importing Assets/Scenes/SPLASH.unity using Guid(9fc0d4010bbf28b4594072e72b8655ab) Importer(815301076,1909f56bfc062723c751e8b465ee728b)  -> (artifact id: '29ae1ca0030ded24629f0b969f943cd7') in 0.007587 seconds 
========================================================================
Received Import Request.
  Time since last request: 11.315031 seconds.
  path: Assets/Scenes
  artifactKey: Guid(6ea315d0fd7389c41b19996891e99ae3) Importer(815301076,1909f56bfc062723c751e8b465ee728b)
Start importing Assets/Scenes using Guid(6ea315d0fd7389c41b19996891e99ae3) Importer(815301076,1909f56bfc062723c751e8b465ee728b)  -> (artifact id: 'b8193726cff86800c54781cdc6d54904') in 0.011720 seconds 
========================================================================
Received Import Request.
  Time since last request: 4.454861 seconds.
  path: Assets/ESCENAS
  artifactKey: Guid(6ea315d0fd7389c41b19996891e99ae3) Importer(815301076,1909f56bfc062723c751e8b465ee728b)
Start importing Assets/ESCENAS using Guid(6ea315d0fd7389c41b19996891e99ae3) Importer(815301076,1909f56bfc062723c751e8b465ee728b)  -> (artifact id: '9be37c7f3afd45f93330e27da074fe97') in 0.008594 seconds 
========================================================================
Received Import Request.
  Time since last request: 237.620122 seconds.
  path: Assets
  artifactKey: Guid(00000000000000001000000000000000) Importer(815301076,1909f56bfc062723c751e8b465ee728b)
Start importing Assets using Guid(00000000000000001000000000000000) Importer(815301076,1909f56bfc062723c751e8b465ee728b)  -> (artifact id: '79842766b460edbeab6a34051e857a80') in 0.009869 seconds 
========================================================================
Received Import Request.
  Time since last request: 6.627398 seconds.
  path: Assets/CODIGOS
  artifactKey: Guid(785682260f027464d820adf72c289b72) Importer(815301076,1909f56bfc062723c751e8b465ee728b)
Start importing Assets/CODIGOS using Guid(785682260f027464d820adf72c289b72) Importer(815301076,1909f56bfc062723c751e8b465ee728b)  -> (artifact id: 'ee193625d08ed7ccbc64ad69bb173177') in 0.009286 seconds 
========================================================================
Received Import Request.
  Time since last request: 7.820621 seconds.
  path: Assets/RECURSOS
  artifactKey: Guid(a7bd59ea94aa5014c8d012f2fad883af) Importer(815301076,1909f56bfc062723c751e8b465ee728b)
Start importing Assets/RECURSOS using Guid(a7bd59ea94aa5014c8d012f2fad883af) Importer(815301076,1909f56bfc062723c751e8b465ee728b)  -> (artifact id: 'f8ae367a3f12a71114645c86553d0c70') in 0.007693 seconds 
========================================================================
Received Import Request.
  Time since last request: 351.668535 seconds.
  path: Assets/RECURSOS/ICONO_256x256.png
  artifactKey: Guid(67a7b493e53c2f14a812f991bf2b6df2) Importer(815301076,1909f56bfc062723c751e8b465ee728b)
Start importing Assets/RECURSOS/ICONO_256x256.png using Guid(67a7b493e53c2f14a812f991bf2b6df2) Importer(815301076,1909f56bfc062723c751e8b465ee728b)  -> (artifact id: 'f0b32e687565c5665f86ba12363f6d7b') in 0.165575 seconds 
========================================================================
Received Import Request.
  Time since last request: 60.621789 seconds.
  path: Assets/RECURSOS/ICONO_256x256.png
  artifactKey: Guid(67a7b493e53c2f14a812f991bf2b6df2) Importer(815301076,1909f56bfc062723c751e8b465ee728b)
Start importing Assets/RECURSOS/ICONO_256x256.png using Guid(67a7b493e53c2f14a812f991bf2b6df2) Importer(815301076,1909f56bfc062723c751e8b465ee728b)  -> (artifact id: '2d142b127260cc8fd9e9087ea4ca65c1') in 0.078565 seconds 
========================================================================
Received Import Request.
  Time since last request: 161.674397 seconds.
  path: Assets/RECURSOS/ICONOS
  artifactKey: Guid(66fbc0108e83a014e802d2538f1b4205) Importer(815301076,1909f56bfc062723c751e8b465ee728b)
Start importing Assets/RECURSOS/ICONOS using Guid(66fbc0108e83a014e802d2538f1b4205) Importer(815301076,1909f56bfc062723c751e8b465ee728b)  -> (artifact id: '0f9e47db782db36356f32c8c41d3cae2') in 0.008747 seconds 
========================================================================
Received Import Request.
  Time since last request: 19.694198 seconds.
  path: Assets/RECURSOS/ICONOS/ICONO_432x432.png
  artifactKey: Guid(4642bf598e0787844bc1f43d1fe9e692) Importer(815301076,1909f56bfc062723c751e8b465ee728b)
Start importing Assets/RECURSOS/ICONOS/ICONO_432x432.png using Guid(4642bf598e0787844bc1f43d1fe9e692) Importer(815301076,1909f56bfc062723c751e8b465ee728b)  -> (artifact id: '5dfc4da74757b12af953909249fdaa85') in 0.026027 seconds 
========================================================================
Received Import Request.
  Time since last request: 6.364567 seconds.
  path: Assets/RECURSOS/ICONOS/ICONO_432x432.png
  artifactKey: Guid(4642bf598e0787844bc1f43d1fe9e692) Importer(815301076,1909f56bfc062723c751e8b465ee728b)
Start importing Assets/RECURSOS/ICONOS/ICONO_432x432.png using Guid(4642bf598e0787844bc1f43d1fe9e692) Importer(815301076,1909f56bfc062723c751e8b465ee728b)  -> (artifact id: '4fa2099275fbdade9dcfeb53142d7e83') in 0.044168 seconds 
========================================================================
Received Import Request.
  Time since last request: 148.157658 seconds.
  path: Assets/RECURSOS/ICONOS/ICONO_Fondo_432x432.jpg
  artifactKey: Guid(aa7799f807e469f428a80eb6853a6274) Importer(815301076,1909f56bfc062723c751e8b465ee728b)
Start importing Assets/RECURSOS/ICONOS/ICONO_Fondo_432x432.jpg using Guid(aa7799f807e469f428a80eb6853a6274) Importer(815301076,1909f56bfc062723c751e8b465ee728b)  -> (artifact id: '7dba8556b4921bd3afafbf7b9abf5a39') in 0.026176 seconds 
========================================================================
Received Import Request.
  Time since last request: 5.226337 seconds.
  path: Assets/RECURSOS/ICONOS/ICONO_Fondo_432x432.jpg
  artifactKey: Guid(aa7799f807e469f428a80eb6853a6274) Importer(815301076,1909f56bfc062723c751e8b465ee728b)
Start importing Assets/RECURSOS/ICONOS/ICONO_Fondo_432x432.jpg using Guid(aa7799f807e469f428a80eb6853a6274) Importer(815301076,1909f56bfc062723c751e8b465ee728b)  -> (artifact id: '2632c58a28b8f099b757894b2663d6df') in 0.039993 seconds 
========================================================================
Received Import Request.
  Time since last request: 102.135627 seconds.
  path: Assets/RECURSOS/ICONOS/ICONO_Fondo_324x324.jpg
  artifactKey: Guid(8a25e5ba9bec0674286d4bb916828d14) Importer(815301076,1909f56bfc062723c751e8b465ee728b)
Start importing Assets/RECURSOS/ICONOS/ICONO_Fondo_324x324.jpg using Guid(8a25e5ba9bec0674286d4bb916828d14) Importer(815301076,1909f56bfc062723c751e8b465ee728b)  -> (artifact id: '6502cbc0fdb0f3da221d959815df017e') in 0.017220 seconds 
========================================================================
Received Import Request.
  Time since last request: 4.374324 seconds.
  path: Assets/RECURSOS/ICONOS/ICONO_Fondo_324x324.jpg
  artifactKey: Guid(8a25e5ba9bec0674286d4bb916828d14) Importer(815301076,1909f56bfc062723c751e8b465ee728b)
Start importing Assets/RECURSOS/ICONOS/ICONO_Fondo_324x324.jpg using Guid(8a25e5ba9bec0674286d4bb916828d14) Importer(815301076,1909f56bfc062723c751e8b465ee728b)  -> (artifact id: 'ff7107bc81817b9faab599f06736ee66') in 0.032946 seconds 
========================================================================
Received Import Request.
  Time since last request: 1.499424 seconds.
  path: Assets/RECURSOS/ICONOS/ICONO_324x324.png
  artifactKey: Guid(9b3f7f3fb99db3b4295fc400922a52a4) Importer(815301076,1909f56bfc062723c751e8b465ee728b)
Start importing Assets/RECURSOS/ICONOS/ICONO_324x324.png using Guid(9b3f7f3fb99db3b4295fc400922a52a4) Importer(815301076,1909f56bfc062723c751e8b465ee728b)  -> (artifact id: '70e9ddb26dfa1d6ff4169f760ca12bb8') in 0.016047 seconds 
========================================================================
Received Import Request.
  Time since last request: 6.656990 seconds.
  path: Assets/RECURSOS/ICONOS/ICONO_324x324.png
  artifactKey: Guid(9b3f7f3fb99db3b4295fc400922a52a4) Importer(815301076,1909f56bfc062723c751e8b465ee728b)
Start importing Assets/RECURSOS/ICONOS/ICONO_324x324.png using Guid(9b3f7f3fb99db3b4295fc400922a52a4) Importer(815301076,1909f56bfc062723c751e8b465ee728b)  -> (artifact id: 'd1adb005359a6197c4440cba369c9365') in 0.031411 seconds 
========================================================================
Received Import Request.
  Time since last request: 74.404904 seconds.
  path: Assets/RECURSOS/ICONOS/ICONO_216x216.png
  artifactKey: Guid(731e17c357dfae64da22d86d69f0fc12) Importer(815301076,1909f56bfc062723c751e8b465ee728b)
Start importing Assets/RECURSOS/ICONOS/ICONO_216x216.png using Guid(731e17c357dfae64da22d86d69f0fc12) Importer(815301076,1909f56bfc062723c751e8b465ee728b)  -> (artifact id: '684a7611ed17d771df272e6c4b0fd303') in 0.015980 seconds 
========================================================================
Received Import Request.
  Time since last request: 3.988551 seconds.
  path: Assets/RECURSOS/ICONOS/ICONO_216x216.png
  artifactKey: Guid(731e17c357dfae64da22d86d69f0fc12) Importer(815301076,1909f56bfc062723c751e8b465ee728b)
Start importing Assets/RECURSOS/ICONOS/ICONO_216x216.png using Guid(731e17c357dfae64da22d86d69f0fc12) Importer(815301076,1909f56bfc062723c751e8b465ee728b)  -> (artifact id: 'a1f47bdf30e0fc915483f47c34cdffdc') in 0.025784 seconds 
========================================================================
Received Import Request.
  Time since last request: 1.808151 seconds.
  path: Assets/RECURSOS/ICONOS/ICONO_Fondo_216x216.jpg
  artifactKey: Guid(200822d91ad841d458cd3d116eceb660) Importer(815301076,1909f56bfc062723c751e8b465ee728b)
Start importing Assets/RECURSOS/ICONOS/ICONO_Fondo_216x216.jpg using Guid(200822d91ad841d458cd3d116eceb660) Importer(815301076,1909f56bfc062723c751e8b465ee728b)  -> (artifact id: '78daa29959c8ebb63832948addd2e488') in 0.016804 seconds 
========================================================================
Received Import Request.
  Time since last request: 4.385783 seconds.
  path: Assets/RECURSOS/ICONOS/ICONO_Fondo_216x216.jpg
  artifactKey: Guid(200822d91ad841d458cd3d116eceb660) Importer(815301076,1909f56bfc062723c751e8b465ee728b)
Start importing Assets/RECURSOS/ICONOS/ICONO_Fondo_216x216.jpg using Guid(200822d91ad841d458cd3d116eceb660) Importer(815301076,1909f56bfc062723c751e8b465ee728b)  -> (artifact id: '6ccd5448ac0ba2eb1bfb19f0f97cbb11') in 0.020406 seconds 
========================================================================
Received Import Request.
  Time since last request: 63.188460 seconds.
  path: Assets/RECURSOS/ICONOS/ICONO_162x162.png
  artifactKey: Guid(82d58f83a70a31342a58b5abd65c72a6) Importer(815301076,1909f56bfc062723c751e8b465ee728b)
Start importing Assets/RECURSOS/ICONOS/ICONO_162x162.png using Guid(82d58f83a70a31342a58b5abd65c72a6) Importer(815301076,1909f56bfc062723c751e8b465ee728b)  -> (artifact id: 'db5de9121cc14912094eb6580a770166') in 0.016248 seconds 
========================================================================
Received Import Request.
  Time since last request: 3.895154 seconds.
  path: Assets/RECURSOS/ICONOS/ICONO_162x162.png
  artifactKey: Guid(82d58f83a70a31342a58b5abd65c72a6) Importer(815301076,1909f56bfc062723c751e8b465ee728b)
Start importing Assets/RECURSOS/ICONOS/ICONO_162x162.png using Guid(82d58f83a70a31342a58b5abd65c72a6) Importer(815301076,1909f56bfc062723c751e8b465ee728b)  -> (artifact id: 'e4db6e0c61d41899caa4fb54db3fa135') in 0.022374 seconds 
========================================================================
Received Import Request.
  Time since last request: 1.710236 seconds.
  path: Assets/RECURSOS/ICONOS/ICONO_Fondo_162x162.jpg
  artifactKey: Guid(dd2c47e5bc173c74ca9d82d18929b7f9) Importer(815301076,1909f56bfc062723c751e8b465ee728b)
Start importing Assets/RECURSOS/ICONOS/ICONO_Fondo_162x162.jpg using Guid(dd2c47e5bc173c74ca9d82d18929b7f9) Importer(815301076,1909f56bfc062723c751e8b465ee728b)  -> (artifact id: 'b95b4ca647ecf77977d00d268b96fd64') in 0.015414 seconds 
========================================================================
Received Import Request.
  Time since last request: 3.411957 seconds.
  path: Assets/RECURSOS/ICONOS/ICONO_Fondo_162x162.jpg
  artifactKey: Guid(dd2c47e5bc173c74ca9d82d18929b7f9) Importer(815301076,1909f56bfc062723c751e8b465ee728b)
Start importing Assets/RECURSOS/ICONOS/ICONO_Fondo_162x162.jpg using Guid(dd2c47e5bc173c74ca9d82d18929b7f9) Importer(815301076,1909f56bfc062723c751e8b465ee728b)  -> (artifact id: 'f09c06373f5a5005853274cea3bcd48c') in 0.019348 seconds 
========================================================================
Received Import Request.
  Time since last request: 53.594532 seconds.
  path: Assets/RECURSOS/ICONOS/ICONO_108x108.png
  artifactKey: Guid(c44bb17bf4dc2434fb653921702c2a40) Importer(815301076,1909f56bfc062723c751e8b465ee728b)
Start importing Assets/RECURSOS/ICONOS/ICONO_108x108.png using Guid(c44bb17bf4dc2434fb653921702c2a40) Importer(815301076,1909f56bfc062723c751e8b465ee728b)  -> (artifact id: 'd5856d9ce04683dc96c9a8af87a32251') in 0.015312 seconds 
========================================================================
Received Import Request.
  Time since last request: 5.280774 seconds.
  path: Assets/RECURSOS/ICONOS/ICONO_108x108.png
  artifactKey: Guid(c44bb17bf4dc2434fb653921702c2a40) Importer(815301076,1909f56bfc062723c751e8b465ee728b)
Start importing Assets/RECURSOS/ICONOS/ICONO_108x108.png using Guid(c44bb17bf4dc2434fb653921702c2a40) Importer(815301076,1909f56bfc062723c751e8b465ee728b)  -> (artifact id: 'b01be5118d591dc2d88699fcdfc5008c') in 0.019338 seconds 
========================================================================
Received Import Request.
  Time since last request: 2.690900 seconds.
  path: Assets/RECURSOS/ICONOS/ICONO_Fondo_108x108.jpg
  artifactKey: Guid(88a1726e94df0a14aab0af0f600f260e) Importer(815301076,1909f56bfc062723c751e8b465ee728b)
Start importing Assets/RECURSOS/ICONOS/ICONO_Fondo_108x108.jpg using Guid(88a1726e94df0a14aab0af0f600f260e) Importer(815301076,1909f56bfc062723c751e8b465ee728b)  -> (artifact id: '29612c74e842624eb5caceced6112fb8') in 0.020671 seconds 
========================================================================
Received Import Request.
  Time since last request: 47.487460 seconds.
  path: Assets/RECURSOS/ICONOS/ICONO_81x81.png
  artifactKey: Guid(c4d5a24e875fa744eb876e5abc5f3410) Importer(815301076,1909f56bfc062723c751e8b465ee728b)
Start importing Assets/RECURSOS/ICONOS/ICONO_81x81.png using Guid(c4d5a24e875fa744eb876e5abc5f3410) Importer(815301076,1909f56bfc062723c751e8b465ee728b)  -> (artifact id: '974154d5fedc5cd9f853cacc6139585b') in 0.016961 seconds 
========================================================================
Received Import Request.
  Time since last request: 4.514068 seconds.
  path: Assets/RECURSOS/ICONOS/ICONO_81x81.png
  artifactKey: Guid(c4d5a24e875fa744eb876e5abc5f3410) Importer(815301076,1909f56bfc062723c751e8b465ee728b)
Start importing Assets/RECURSOS/ICONOS/ICONO_81x81.png using Guid(c4d5a24e875fa744eb876e5abc5f3410) Importer(815301076,1909f56bfc062723c751e8b465ee728b)  -> (artifact id: 'f82ab4cda92395e309e32e70b460918b') in 0.019491 seconds 
========================================================================
Received Import Request.
  Time since last request: 4.118451 seconds.
  path: Assets/RECURSOS/ICONOS/ICONO_Fondo_81x81.jpg
  artifactKey: Guid(88fc5ff69675233419df700919b08499) Importer(815301076,1909f56bfc062723c751e8b465ee728b)
Start importing Assets/RECURSOS/ICONOS/ICONO_Fondo_81x81.jpg using Guid(88fc5ff69675233419df700919b08499) Importer(815301076,1909f56bfc062723c751e8b465ee728b)  -> (artifact id: '46592fbeac243b28bee1087f4692c678') in 0.025234 seconds 
========================================================================
Received Import Request.
  Time since last request: 120.540193 seconds.
  path: Assets/RECURSOS/ICONOS/ICONO_192x192.png
  artifactKey: Guid(ade71535e0c09824b85fb1a3c9f55b5b) Importer(815301076,1909f56bfc062723c751e8b465ee728b)
Start importing Assets/RECURSOS/ICONOS/ICONO_192x192.png using Guid(ade71535e0c09824b85fb1a3c9f55b5b) Importer(815301076,1909f56bfc062723c751e8b465ee728b)  -> (artifact id: '38b93633af37737f65d59815a4fc923d') in 0.018539 seconds 
========================================================================
Received Import Request.
  Time since last request: 4.206736 seconds.
  path: Assets/RECURSOS/ICONOS/ICONO_192x192.png
  artifactKey: Guid(ade71535e0c09824b85fb1a3c9f55b5b) Importer(815301076,1909f56bfc062723c751e8b465ee728b)
Start importing Assets/RECURSOS/ICONOS/ICONO_192x192.png using Guid(ade71535e0c09824b85fb1a3c9f55b5b) Importer(815301076,1909f56bfc062723c751e8b465ee728b)  -> (artifact id: '67ba0cba832c1541dd798ae7319e3360') in 0.024485 seconds 
========================================================================
Received Import Request.
  Time since last request: 153.880245 seconds.
  path: Assets/RECURSOS/ICONOS/ICONO_144x144.png
  artifactKey: Guid(5968bb85c73aaad48b6534b1c7708cc7) Importer(815301076,1909f56bfc062723c751e8b465ee728b)
Start importing Assets/RECURSOS/ICONOS/ICONO_144x144.png using Guid(5968bb85c73aaad48b6534b1c7708cc7) Importer(815301076,1909f56bfc062723c751e8b465ee728b)  -> (artifact id: 'd6d74aeb136ac28588634789d3ebb53d') in 0.019518 seconds 
========================================================================
Received Import Request.
  Time since last request: 4.143310 seconds.
  path: Assets/RECURSOS/ICONOS/ICONO_144x144.png
  artifactKey: Guid(5968bb85c73aaad48b6534b1c7708cc7) Importer(815301076,1909f56bfc062723c751e8b465ee728b)
Start importing Assets/RECURSOS/ICONOS/ICONO_144x144.png using Guid(5968bb85c73aaad48b6534b1c7708cc7) Importer(815301076,1909f56bfc062723c751e8b465ee728b)  -> (artifact id: '6da22c9620568b53d58806e819bc5278') in 0.021090 seconds 
========================================================================
Received Import Request.
  Time since last request: 37.372689 seconds.
  path: Assets/RECURSOS/ICONOS/ICONO_96x96.png
  artifactKey: Guid(65d8165ccb2b03f4e8fd8cf2ac677980) Importer(815301076,1909f56bfc062723c751e8b465ee728b)
Start importing Assets/RECURSOS/ICONOS/ICONO_96x96.png using Guid(65d8165ccb2b03f4e8fd8cf2ac677980) Importer(815301076,1909f56bfc062723c751e8b465ee728b)  -> (artifact id: '1df419a949752fa1d3b93b1372366188') in 0.016960 seconds 
========================================================================
Received Import Request.
  Time since last request: 4.427617 seconds.
  path: Assets/RECURSOS/ICONOS/ICONO_96x96.png
  artifactKey: Guid(65d8165ccb2b03f4e8fd8cf2ac677980) Importer(815301076,1909f56bfc062723c751e8b465ee728b)
Start importing Assets/RECURSOS/ICONOS/ICONO_96x96.png using Guid(65d8165ccb2b03f4e8fd8cf2ac677980) Importer(815301076,1909f56bfc062723c751e8b465ee728b)  -> (artifact id: '72514a0b90f78fec02a89f971bb9004c') in 0.021218 seconds 
========================================================================
Received Import Request.
  Time since last request: 57.754265 seconds.
  path: Assets/RECURSOS/ICONOS/ICONO_72x72.png
  artifactKey: Guid(ff0f5f6ed3b11d14c8bdffd050af5669) Importer(815301076,1909f56bfc062723c751e8b465ee728b)
Start importing Assets/RECURSOS/ICONOS/ICONO_72x72.png using Guid(ff0f5f6ed3b11d14c8bdffd050af5669) Importer(815301076,1909f56bfc062723c751e8b465ee728b)  -> (artifact id: '2dbf6bade8457a6ed16c9d09fc8c336e') in 0.015291 seconds 
========================================================================
Received Import Request.
  Time since last request: 4.569884 seconds.
  path: Assets/RECURSOS/ICONOS/ICONO_72x72.png
  artifactKey: Guid(ff0f5f6ed3b11d14c8bdffd050af5669) Importer(815301076,1909f56bfc062723c751e8b465ee728b)
Start importing Assets/RECURSOS/ICONOS/ICONO_72x72.png using Guid(ff0f5f6ed3b11d14c8bdffd050af5669) Importer(815301076,1909f56bfc062723c751e8b465ee728b)  -> (artifact id: '248b086a24529e997818d54ebd9aba56') in 0.018047 seconds 
========================================================================
Received Import Request.
  Time since last request: 50.132875 seconds.
  path: Assets/RECURSOS/ICONOS/ICONO_36x36.png
  artifactKey: Guid(0347fedab6414e2448ccde8b83573c60) Importer(815301076,1909f56bfc062723c751e8b465ee728b)
Start importing Assets/RECURSOS/ICONOS/ICONO_36x36.png using Guid(0347fedab6414e2448ccde8b83573c60) Importer(815301076,1909f56bfc062723c751e8b465ee728b)  -> (artifact id: 'b13acb8db1c60d98200663fecebdd0a7') in 0.014342 seconds 
========================================================================
Received Import Request.
  Time since last request: 0.461326 seconds.
  path: Assets/RECURSOS/ICONOS/ICONO_48x48.png
  artifactKey: Guid(6522d5ea44eff2441a21362319e97511) Importer(815301076,1909f56bfc062723c751e8b465ee728b)
Start importing Assets/RECURSOS/ICONOS/ICONO_48x48.png using Guid(6522d5ea44eff2441a21362319e97511) Importer(815301076,1909f56bfc062723c751e8b465ee728b)  -> (artifact id: 'e045b2bda5d011532adfd7b115de17b8') in 0.012793 seconds 
========================================================================
Received Import Request.
  Time since last request: 4.790848 seconds.
  path: Assets/RECURSOS/ICONOS/ICONO_48x48.png
  artifactKey: Guid(6522d5ea44eff2441a21362319e97511) Importer(815301076,1909f56bfc062723c751e8b465ee728b)
Start importing Assets/RECURSOS/ICONOS/ICONO_48x48.png using Guid(6522d5ea44eff2441a21362319e97511) Importer(815301076,1909f56bfc062723c751e8b465ee728b)  -> (artifact id: 'd4bb4f81034a9b7da7e94b2cf31b2169') in 0.016299 seconds 
========================================================================
Received Import Request.
  Time since last request: 5.336701 seconds.
  path: Assets/RECURSOS/ICONOS/ICONO_36x36.png
  artifactKey: Guid(0347fedab6414e2448ccde8b83573c60) Importer(815301076,1909f56bfc062723c751e8b465ee728b)
Start importing Assets/RECURSOS/ICONOS/ICONO_36x36.png using Guid(0347fedab6414e2448ccde8b83573c60) Importer(815301076,1909f56bfc062723c751e8b465ee728b)  -> (artifact id: 'a7b9283142c0457dacff6e8d086f1e5f') in 0.022174 seconds 
========================================================================
Received Import Request.
  Time since last request: 258.548404 seconds.
  path: Assets/RECURSOS/Screen_SPLASH.jpg
  artifactKey: Guid(32681e0feebf8684b9fe3a2c3c37f9f8) Importer(815301076,1909f56bfc062723c751e8b465ee728b)
Start importing Assets/RECURSOS/Screen_SPLASH.jpg using Guid(32681e0feebf8684b9fe3a2c3c37f9f8) Importer(815301076,1909f56bfc062723c751e8b465ee728b)  -> (artifact id: 'de67a2ac78b2c3b8bb851150920a688d') in 0.092058 seconds 
========================================================================
Received Import Request.
  Time since last request: 5.201518 seconds.
  path: Assets/RECURSOS/Screen_SPLASH.jpg
  artifactKey: Guid(32681e0feebf8684b9fe3a2c3c37f9f8) Importer(815301076,1909f56bfc062723c751e8b465ee728b)
Start importing Assets/RECURSOS/Screen_SPLASH.jpg using Guid(32681e0feebf8684b9fe3a2c3c37f9f8) Importer(815301076,1909f56bfc062723c751e8b465ee728b)  -> (artifact id: '5cbbd9d96bfd6dadd51763fb80c6502e') in 0.239068 seconds 
========================================================================
Received Import Request.
  Time since last request: 127.925817 seconds.
  path: Assets/RECURSOS/Screen_SPLASH_Made_with_Unity.jpg
  artifactKey: Guid(aebd1538b7a726e438f2c3fb911a4d74) Importer(815301076,1909f56bfc062723c751e8b465ee728b)
Start importing Assets/RECURSOS/Screen_SPLASH_Made_with_Unity.jpg using Guid(aebd1538b7a726e438f2c3fb911a4d74) Importer(815301076,1909f56bfc062723c751e8b465ee728b)  -> (artifact id: '5a7f3b2eef5fa5808f12e9a2eb121872') in 0.056843 seconds 
========================================================================
Received Import Request.
  Time since last request: 84.904838 seconds.
  path: Assets/RECURSOS/Screen_SPLASH_Made_with_Unity.jpg
  artifactKey: Guid(aebd1538b7a726e438f2c3fb911a4d74) Importer(815301076,1909f56bfc062723c751e8b465ee728b)
Start importing Assets/RECURSOS/Screen_SPLASH_Made_with_Unity.jpg using Guid(aebd1538b7a726e438f2c3fb911a4d74) Importer(815301076,1909f56bfc062723c751e8b465ee728b)  -> (artifact id: 'e0b7fde9b02a8eb25e16353d736f5011') in 0.044826 seconds 
========================================================================
Received Import Request.
  Time since last request: 4.682196 seconds.
  path: Assets/RECURSOS/Screen_SPLASH_Made_with_Unity.jpg
  artifactKey: Guid(aebd1538b7a726e438f2c3fb911a4d74) Importer(815301076,1909f56bfc062723c751e8b465ee728b)
Start importing Assets/RECURSOS/Screen_SPLASH_Made_with_Unity.jpg using Guid(aebd1538b7a726e438f2c3fb911a4d74) Importer(815301076,1909f56bfc062723c751e8b465ee728b)  -> (artifact id: 'a066b65ae6440b84e6243e7915fcd024') in 0.166096 seconds 
========================================================================
Received Import Request.
  Time since last request: 54.946531 seconds.
  path: Assets/RECURSOS/Screen_SPLASH_Made_with_Unity.jpg
  artifactKey: Guid(aebd1538b7a726e438f2c3fb911a4d74) Importer(815301076,1909f56bfc062723c751e8b465ee728b)
Start importing Assets/RECURSOS/Screen_SPLASH_Made_with_Unity.jpg using Guid(aebd1538b7a726e438f2c3fb911a4d74) Importer(815301076,1909f56bfc062723c751e8b465ee728b)  -> (artifact id: 'b56b7c575c5e38227b19da24102b2301') in 0.046937 seconds 
========================================================================
Received Import Request.
  Time since last request: 4.255509 seconds.
  path: Assets/RECURSOS/Screen_SPLASH_Made_with_Unity.jpg
  artifactKey: Guid(aebd1538b7a726e438f2c3fb911a4d74) Importer(815301076,1909f56bfc062723c751e8b465ee728b)
Start importing Assets/RECURSOS/Screen_SPLASH_Made_with_Unity.jpg using Guid(aebd1538b7a726e438f2c3fb911a4d74) Importer(815301076,1909f56bfc062723c751e8b465ee728b)  -> (artifact id: 'c9a6bb7885e66222952e8591e16394d5') in 0.146817 seconds 
========================================================================
Received Import Request.
  Time since last request: 246.179264 seconds.
  path: Assets/RECURSOS/FONDOS
  artifactKey: Guid(90aec6ae058e2de44b6fd18775a8c889) Importer(815301076,1909f56bfc062723c751e8b465ee728b)
Start importing Assets/RECURSOS/FONDOS using Guid(90aec6ae058e2de44b6fd18775a8c889) Importer(815301076,1909f56bfc062723c751e8b465ee728b)  -> (artifact id: 'a9c8306a75a4661800328ba656bb8ad2') in 0.008884 seconds 
========================================================================
Received Import Request.
  Time since last request: 16.156111 seconds.
  path: Assets/RECURSOS/FONDOS/Screen_SPLASH.jpg
  artifactKey: Guid(e5e321df8d69c9042ab572b1ec45ddbf) Importer(815301076,1909f56bfc062723c751e8b465ee728b)
Start importing Assets/RECURSOS/FONDOS/Screen_SPLASH.jpg using Guid(e5e321df8d69c9042ab572b1ec45ddbf) Importer(815301076,1909f56bfc062723c751e8b465ee728b)  -> (artifact id: '96be4aa4f1bcf2b7a7250da9fb929ae0') in 0.056841 seconds 
========================================================================
Received Import Request.
  Time since last request: 4.532211 seconds.
  path: Assets/RECURSOS/FONDOS/Screen_SPLASH.jpg
  artifactKey: Guid(e5e321df8d69c9042ab572b1ec45ddbf) Importer(815301076,1909f56bfc062723c751e8b465ee728b)
Start importing Assets/RECURSOS/FONDOS/Screen_SPLASH.jpg using Guid(e5e321df8d69c9042ab572b1ec45ddbf) Importer(815301076,1909f56bfc062723c751e8b465ee728b)  -> (artifact id: 'e80cd9bd9b60a62e9f0eaccdf3dd915d') in 0.195433 seconds 
========================================================================
Received Import Request.
  Time since last request: 35.489759 seconds.
  path: Assets/RECURSOS/MODELOS_3D
  artifactKey: Guid(5ec2a686035df5048897010b5764e4a5) Importer(815301076,1909f56bfc062723c751e8b465ee728b)
Start importing Assets/RECURSOS/MODELOS_3D using Guid(5ec2a686035df5048897010b5764e4a5) Importer(815301076,1909f56bfc062723c751e8b465ee728b)  -> (artifact id: 'fe0a2e00873709596b3fad3f7765d033') in 0.007577 seconds 
========================================================================
Received Import Request.
  Time since last request: 28.088835 seconds.
  path: Assets/RECURSOS/MODELOS_3D/Circus_Tent.fbx
  artifactKey: Guid(3399e662cc1c4a340aad306e3ee9ab4a) Importer(815301076,1909f56bfc062723c751e8b465ee728b)
Start importing Assets/RECURSOS/MODELOS_3D/Circus_Tent.fbx using Guid(3399e662cc1c4a340aad306e3ee9ab4a) Importer(815301076,1909f56bfc062723c751e8b465ee728b)  -> (artifact id: '440160743f449765bcbe8c5c8e2bc807') in 0.359323 seconds 
========================================================================
Received Import Request.
  Time since last request: 121.889463 seconds.
  path: Assets/RECURSOS/MODELOS_3D/Circus_Tent_01.prefab
  artifactKey: Guid(c500c5179bf855a41bb34e98f8014efa) Importer(815301076,1909f56bfc062723c751e8b465ee728b)
Start importing Assets/RECURSOS/MODELOS_3D/Circus_Tent_01.prefab using Guid(c500c5179bf855a41bb34e98f8014efa) Importer(815301076,1909f56bfc062723c751e8b465ee728b)  -> (artifact id: 'e8644ac001173dc1014c7b9a1383df05') in 0.025076 seconds 
========================================================================
Received Import Request.
  Time since last request: 15.535255 seconds.
  path: Assets/RECURSOS/MODELOS_3D/Circus_Tent_01.prefab
  artifactKey: Guid(c500c5179bf855a41bb34e98f8014efa) Importer(815301076,1909f56bfc062723c751e8b465ee728b)
Start importing Assets/RECURSOS/MODELOS_3D/Circus_Tent_01.prefab using Guid(c500c5179bf855a41bb34e98f8014efa) Importer(815301076,1909f56bfc062723c751e8b465ee728b)  -> (artifact id: '6c29846ce9ea9bb526271784217d7f49') in 0.014980 seconds 
========================================================================
Received Import Request.
  Time since last request: 341.290738 seconds.
  path: Assets/CODIGOS/ROTAR_Carpa.cs
  artifactKey: Guid(2e1fe1839f75bac4e8efb85f348d255a) Importer(815301076,1909f56bfc062723c751e8b465ee728b)
Start importing Assets/CODIGOS/ROTAR_Carpa.cs using Guid(2e1fe1839f75bac4e8efb85f348d255a) Importer(815301076,1909f56bfc062723c751e8b465ee728b)  -> (artifact id: '1ffd644e9dcf6f77c318ca54b242598f') in 0.016939 seconds 
========================================================================
Received Prepare
Registering precompiled user dll's ...
Registered in 0.005960 seconds.
Begin MonoManager ReloadAssembly
Symbol file LoadedFromMemory doesn't match image C:\wamp64\www\CHILDDAY_2022\Library\PackageCache\com.unity.visualscripting@1.7.6\Editor\VisualScripting.Core\Dependencies\YamlDotNet\Unity.VisualScripting.YamlDotNet.dll
Symbol file LoadedFromMemory doesn't match image C:\wamp64\www\CHILDDAY_2022\Library\PackageCache\com.unity.visualscripting@1.7.6\Editor\VisualScripting.Core\Dependencies\DotNetZip\Unity.VisualScripting.IonicZip.dll
Native extension for WindowsStandalone target not found
Native extension for Android target not found
Native extension for WebGL target not found
Refreshing native plugins compatible for Editor in 0.78 ms, found 3 plugins.
Preloading 0 native plugins for Editor in 0.00 ms.
Mono: successfully reloaded assembly
- Completed reload, in  1.370 seconds
Domain Reload Profiling:
	ReloadAssembly (1371ms)
		BeginReloadAssembly (248ms)
			ExecutionOrderSort (0ms)
			DisableScriptedObjects (8ms)
			BackupInstance (0ms)
			ReleaseScriptingObjects (0ms)
			CreateAndSetChildDomain (118ms)
		EndReloadAssembly (1006ms)
			LoadAssemblies (94ms)
			RebuildTransferFunctionScriptingTraits (0ms)
			SetupTypeCache (360ms)
			ReleaseScriptCaches (1ms)
			RebuildScriptCaches (48ms)
			SetupLoadedEditorAssemblies (454ms)
				LogAssemblyErrors (0ms)
				InitializePlatformSupportModulesInManaged (96ms)
				SetLoadedEditorAssemblies (1ms)
				RefreshPlugins (1ms)
				BeforeProcessingInitializeOnLoad (76ms)
				ProcessInitializeOnLoadAttributes (241ms)
				ProcessInitializeOnLoadMethodAttributes (31ms)
				AfterProcessingInitializeOnLoad (7ms)
				EditorAssembliesLoaded (0ms)
			ExecutionOrderSort2 (0ms)
			AwakeInstancesAfterBackupRestoration (8ms)
Platform modules already initialized, skipping
Refreshing native plugins compatible for Editor in 1.95 ms, found 3 plugins.
Preloading 0 native plugins for Editor in 0.00 ms.
Unloading 3374 Unused Serialized files (Serialized files now loaded: 0)
Unloading 19 unused Assets / (79.1 KB). Loaded Objects now: 3898.
Memory consumption went from 121.2 MB to 121.1 MB.
Total: 3.919300 ms (FindLiveObjects: 0.324600 ms CreateObjectMapping: 0.185600 ms MarkObjects: 3.294300 ms  DeleteObjects: 0.113700 ms)

AssetImportParameters requested are different than current active one (requested -> active):
  custom:video-decoder-ogg-theora: a1e56fd34408186e4bbccfd4996cb3dc -> 
  custom:container-muxer-webm: aa71ff27fc2769a1b78a27578f13a17b -> 
  custom:container-demuxer-webm: 4f35f7cbe854078d1ac9338744f61a02 -> 
  custom:video-encoder-webm-vp8: eb34c28f22e8b96e1ab97ce403110664 -> 
  custom:audio-encoder-webm-vorbis: bf7c407c2cedff20999df2af8eb42d56 -> 
  custom:framework-win-MediaFoundation: 216162199b28c13a410421893ffa2e32 -> 
  custom:container-demuxer-ogg: 62fdf1f143b41e24485cea50d1cbac27 -> 
  custom:video-decoder-webm-vp8: 9c59270c3fd7afecdb556c50c9e8de78 -> 
  custom:audio-decoder-ogg-vorbis: bf7c407c2cedff20999df2af8eb42d56 -> 
========================================================================
Received Import Request.
  Time since last request: 66.687246 seconds.
  path: Assets/CODIGOS/ROTAR_Circus_Tent.cs
  artifactKey: Guid(2e1fe1839f75bac4e8efb85f348d255a) Importer(815301076,1909f56bfc062723c751e8b465ee728b)
Start importing Assets/CODIGOS/ROTAR_Circus_Tent.cs using Guid(2e1fe1839f75bac4e8efb85f348d255a) Importer(815301076,1909f56bfc062723c751e8b465ee728b)  -> (artifact id: '72bde545a24b19c3429a4511df725778') in 0.013747 seconds 
========================================================================
Received Prepare
Registering precompiled user dll's ...
Registered in 0.007070 seconds.
Begin MonoManager ReloadAssembly
Symbol file LoadedFromMemory doesn't match image C:\wamp64\www\CHILDDAY_2022\Library\PackageCache\com.unity.visualscripting@1.7.6\Editor\VisualScripting.Core\Dependencies\YamlDotNet\Unity.VisualScripting.YamlDotNet.dll
Symbol file LoadedFromMemory doesn't match image C:\wamp64\www\CHILDDAY_2022\Library\PackageCache\com.unity.visualscripting@1.7.6\Editor\VisualScripting.Core\Dependencies\DotNetZip\Unity.VisualScripting.IonicZip.dll
Native extension for WindowsStandalone target not found
Native extension for Android target not found
Native extension for WebGL target not found
Refreshing native plugins compatible for Editor in 0.58 ms, found 3 plugins.
Preloading 0 native plugins for Editor in 0.00 ms.
Mono: successfully reloaded assembly
- Completed reload, in  1.290 seconds
Domain Reload Profiling:
	ReloadAssembly (1291ms)
		BeginReloadAssembly (161ms)
			ExecutionOrderSort (0ms)
			DisableScriptedObjects (6ms)
			BackupInstance (0ms)
			ReleaseScriptingObjects (0ms)
			CreateAndSetChildDomain (45ms)
		EndReloadAssembly (994ms)
			LoadAssemblies (105ms)
			RebuildTransferFunctionScriptingTraits (0ms)
			SetupTypeCache (396ms)
			ReleaseScriptCaches (1ms)
			RebuildScriptCaches (45ms)
			SetupLoadedEditorAssemblies (408ms)
				LogAssemblyErrors (0ms)
				InitializePlatformSupportModulesInManaged (61ms)
				SetLoadedEditorAssemblies (1ms)
				RefreshPlugins (1ms)
				BeforeProcessingInitializeOnLoad (76ms)
				ProcessInitializeOnLoadAttributes (229ms)
				ProcessInitializeOnLoadMethodAttributes (33ms)
				AfterProcessingInitializeOnLoad (7ms)
				EditorAssembliesLoaded (0ms)
			ExecutionOrderSort2 (0ms)
			AwakeInstancesAfterBackupRestoration (8ms)
Platform modules already initialized, skipping
Refreshing native plugins compatible for Editor in 1.74 ms, found 3 plugins.
Preloading 0 native plugins for Editor in 0.00 ms.
Unloading 3374 Unused Serialized files (Serialized files now loaded: 0)
Unloading 19 unused Assets / (79.0 KB). Loaded Objects now: 3901.
Memory consumption went from 121.2 MB to 121.1 MB.
Total: 3.555600 ms (FindLiveObjects: 0.317400 ms CreateObjectMapping: 0.192700 ms MarkObjects: 2.944200 ms  DeleteObjects: 0.100400 ms)

AssetImportParameters requested are different than current active one (requested -> active):
  custom:video-decoder-ogg-theora: a1e56fd34408186e4bbccfd4996cb3dc -> 
  custom:container-muxer-webm: aa71ff27fc2769a1b78a27578f13a17b -> 
  custom:container-demuxer-webm: 4f35f7cbe854078d1ac9338744f61a02 -> 
  custom:video-encoder-webm-vp8: eb34c28f22e8b96e1ab97ce403110664 -> 
  custom:audio-encoder-webm-vorbis: bf7c407c2cedff20999df2af8eb42d56 -> 
  custom:framework-win-MediaFoundation: 216162199b28c13a410421893ffa2e32 -> 
  custom:container-demuxer-ogg: 62fdf1f143b41e24485cea50d1cbac27 -> 
  custom:video-decoder-webm-vp8: 9c59270c3fd7afecdb556c50c9e8de78 -> 
  custom:audio-decoder-ogg-vorbis: bf7c407c2cedff20999df2af8eb42d56 -> 
========================================================================
Received Prepare
Registering precompiled user dll's ...
Registered in 0.006042 seconds.
Begin MonoManager ReloadAssembly
Symbol file LoadedFromMemory doesn't match image C:\wamp64\www\CHILDDAY_2022\Library\PackageCache\com.unity.visualscripting@1.7.6\Editor\VisualScripting.Core\Dependencies\YamlDotNet\Unity.VisualScripting.YamlDotNet.dll
Symbol file LoadedFromMemory doesn't match image C:\wamp64\www\CHILDDAY_2022\Library\PackageCache\com.unity.visualscripting@1.7.6\Editor\VisualScripting.Core\Dependencies\DotNetZip\Unity.VisualScripting.IonicZip.dll
Native extension for WindowsStandalone target not found
Native extension for Android target not found
Native extension for WebGL target not found
Refreshing native plugins compatible for Editor in 0.56 ms, found 3 plugins.
Preloading 0 native plugins for Editor in 0.00 ms.
Mono: successfully reloaded assembly
- Completed reload, in  1.242 seconds
Domain Reload Profiling:
	ReloadAssembly (1243ms)
		BeginReloadAssembly (150ms)
			ExecutionOrderSort (0ms)
			DisableScriptedObjects (7ms)
			BackupInstance (0ms)
			ReleaseScriptingObjects (0ms)
			CreateAndSetChildDomain (40ms)
		EndReloadAssembly (954ms)
			LoadAssemblies (102ms)
			RebuildTransferFunctionScriptingTraits (0ms)
			SetupTypeCache (345ms)
			ReleaseScriptCaches (1ms)
			RebuildScriptCaches (48ms)
			SetupLoadedEditorAssemblies (405ms)
				LogAssemblyErrors (0ms)
				InitializePlatformSupportModulesInManaged (60ms)
				SetLoadedEditorAssemblies (1ms)
				RefreshPlugins (1ms)
				BeforeProcessingInitializeOnLoad (76ms)
				ProcessInitializeOnLoadAttributes (228ms)
				ProcessInitializeOnLoadMethodAttributes (33ms)
				AfterProcessingInitializeOnLoad (7ms)
				EditorAssembliesLoaded (0ms)
			ExecutionOrderSort2 (0ms)
			AwakeInstancesAfterBackupRestoration (7ms)
Platform modules already initialized, skipping
Refreshing native plugins compatible for Editor in 1.78 ms, found 3 plugins.
Preloading 0 native plugins for Editor in 0.00 ms.
Unloading 3374 Unused Serialized files (Serialized files now loaded: 0)
Unloading 19 unused Assets / (79.0 KB). Loaded Objects now: 3904.
Memory consumption went from 121.2 MB to 121.1 MB.
Total: 3.515100 ms (FindLiveObjects: 0.325600 ms CreateObjectMapping: 0.198600 ms MarkObjects: 2.897500 ms  DeleteObjects: 0.092400 ms)

AssetImportParameters requested are different than current active one (requested -> active):
  custom:video-decoder-ogg-theora: a1e56fd34408186e4bbccfd4996cb3dc -> 
  custom:container-muxer-webm: aa71ff27fc2769a1b78a27578f13a17b -> 
  custom:container-demuxer-webm: 4f35f7cbe854078d1ac9338744f61a02 -> 
  custom:video-encoder-webm-vp8: eb34c28f22e8b96e1ab97ce403110664 -> 
  custom:audio-encoder-webm-vorbis: bf7c407c2cedff20999df2af8eb42d56 -> 
  custom:framework-win-MediaFoundation: 216162199b28c13a410421893ffa2e32 -> 
  custom:container-demuxer-ogg: 62fdf1f143b41e24485cea50d1cbac27 -> 
  custom:video-decoder-webm-vp8: 9c59270c3fd7afecdb556c50c9e8de78 -> 
  custom:audio-decoder-ogg-vorbis: bf7c407c2cedff20999df2af8eb42d56 -> 
========================================================================
Received Prepare
Registering precompiled user dll's ...
Registered in 0.005870 seconds.
Begin MonoManager ReloadAssembly
Symbol file LoadedFromMemory doesn't match image C:\wamp64\www\CHILDDAY_2022\Library\PackageCache\com.unity.visualscripting@1.7.6\Editor\VisualScripting.Core\Dependencies\YamlDotNet\Unity.VisualScripting.YamlDotNet.dll
Symbol file LoadedFromMemory doesn't match image C:\wamp64\www\CHILDDAY_2022\Library\PackageCache\com.unity.visualscripting@1.7.6\Editor\VisualScripting.Core\Dependencies\DotNetZip\Unity.VisualScripting.IonicZip.dll
Native extension for WindowsStandalone target not found
Native extension for Android target not found
Native extension for WebGL target not found
Refreshing native plugins compatible for Editor in 0.65 ms, found 3 plugins.
Preloading 0 native plugins for Editor in 0.00 ms.
Mono: successfully reloaded assembly
- Completed reload, in  1.253 seconds
Domain Reload Profiling:
	ReloadAssembly (1254ms)
		BeginReloadAssembly (148ms)
			ExecutionOrderSort (0ms)
			DisableScriptedObjects (6ms)
			BackupInstance (0ms)
			ReleaseScriptingObjects (0ms)
			CreateAndSetChildDomain (41ms)
		EndReloadAssembly (995ms)
			LoadAssemblies (92ms)
			RebuildTransferFunctionScriptingTraits (0ms)
			SetupTypeCache (333ms)
			ReleaseScriptCaches (2ms)
			RebuildScriptCaches (61ms)
			SetupLoadedEditorAssemblies (446ms)
				LogAssemblyErrors (0ms)
				InitializePlatformSupportModulesInManaged (58ms)
				SetLoadedEditorAssemblies (1ms)
				RefreshPlugins (1ms)
				BeforeProcessingInitializeOnLoad (83ms)
				ProcessInitializeOnLoadAttributes (261ms)
				ProcessInitializeOnLoadMethodAttributes (35ms)
				AfterProcessingInitializeOnLoad (7ms)
				EditorAssembliesLoaded (0ms)
			ExecutionOrderSort2 (0ms)
			AwakeInstancesAfterBackupRestoration (10ms)
Platform modules already initialized, skipping
Refreshing native plugins compatible for Editor in 2.30 ms, found 3 plugins.
Preloading 0 native plugins for Editor in 0.00 ms.
Unloading 3374 Unused Serialized files (Serialized files now loaded: 0)
Unloading 19 unused Assets / (78.8 KB). Loaded Objects now: 3907.
Memory consumption went from 121.2 MB to 121.1 MB.
Total: 4.278800 ms (FindLiveObjects: 0.479100 ms CreateObjectMapping: 0.406200 ms MarkObjects: 3.304200 ms  DeleteObjects: 0.088100 ms)

AssetImportParameters requested are different than current active one (requested -> active):
  custom:video-decoder-ogg-theora: a1e56fd34408186e4bbccfd4996cb3dc -> 
  custom:container-muxer-webm: aa71ff27fc2769a1b78a27578f13a17b -> 
  custom:container-demuxer-webm: 4f35f7cbe854078d1ac9338744f61a02 -> 
  custom:video-encoder-webm-vp8: eb34c28f22e8b96e1ab97ce403110664 -> 
  custom:audio-encoder-webm-vorbis: bf7c407c2cedff20999df2af8eb42d56 -> 
  custom:framework-win-MediaFoundation: 216162199b28c13a410421893ffa2e32 -> 
  custom:container-demuxer-ogg: 62fdf1f143b41e24485cea50d1cbac27 -> 
  custom:video-decoder-webm-vp8: 9c59270c3fd7afecdb556c50c9e8de78 -> 
  custom:audio-decoder-ogg-vorbis: bf7c407c2cedff20999df2af8eb42d56 -> 
========================================================================
Received Import Request.
  Time since last request: 283.993328 seconds.
  path: Assets/ESCENAS/SPLASH.unity
  artifactKey: Guid(9fc0d4010bbf28b4594072e72b8655ab) Importer(815301076,1909f56bfc062723c751e8b465ee728b)
Start importing Assets/ESCENAS/SPLASH.unity using Guid(9fc0d4010bbf28b4594072e72b8655ab) Importer(815301076,1909f56bfc062723c751e8b465ee728b)  -> (artifact id: '9f5f247f7eea373806747d80908db1d0') in 0.013048 seconds 
========================================================================
Received Import Request.
  Time since last request: 11.982730 seconds.
  path: Assets/ESCENAS/LOADING.unity
  artifactKey: Guid(9fc0d4010bbf28b4594072e72b8655ab) Importer(815301076,1909f56bfc062723c751e8b465ee728b)
Start importing Assets/ESCENAS/LOADING.unity using Guid(9fc0d4010bbf28b4594072e72b8655ab) Importer(815301076,1909f56bfc062723c751e8b465ee728b)  -> (artifact id: '2ce1a857cb3445373c6572dc50a59414') in 0.007174 seconds 
========================================================================
Received Import Request.
  Time since last request: 325.440448 seconds.
  path: Assets/CODIGOS/CARGAR_Escena.cs
  artifactKey: Guid(33eda6e62bee9a64c92b644f275766e8) Importer(815301076,1909f56bfc062723c751e8b465ee728b)
Start importing Assets/CODIGOS/CARGAR_Escena.cs using Guid(33eda6e62bee9a64c92b644f275766e8) Importer(815301076,1909f56bfc062723c751e8b465ee728b)  -> (artifact id: '090aee54947e0e70b00b56752b98dec1') in 0.009758 seconds 
========================================================================
Received Prepare
Registering precompiled user dll's ...
Registered in 0.005516 seconds.
Begin MonoManager ReloadAssembly
Symbol file LoadedFromMemory doesn't match image C:\wamp64\www\CHILDDAY_2022\Library\PackageCache\com.unity.visualscripting@1.7.6\Editor\VisualScripting.Core\Dependencies\YamlDotNet\Unity.VisualScripting.YamlDotNet.dll
Symbol file LoadedFromMemory doesn't match image C:\wamp64\www\CHILDDAY_2022\Library\PackageCache\com.unity.visualscripting@1.7.6\Editor\VisualScripting.Core\Dependencies\DotNetZip\Unity.VisualScripting.IonicZip.dll
Native extension for WindowsStandalone target not found
Native extension for Android target not found
Native extension for WebGL target not found
Refreshing native plugins compatible for Editor in 0.58 ms, found 3 plugins.
Preloading 0 native plugins for Editor in 0.00 ms.
Mono: successfully reloaded assembly
- Completed reload, in  1.237 seconds
Domain Reload Profiling:
	ReloadAssembly (1238ms)
		BeginReloadAssembly (161ms)
			ExecutionOrderSort (0ms)
			DisableScriptedObjects (6ms)
			BackupInstance (0ms)
			ReleaseScriptingObjects (0ms)
			CreateAndSetChildDomain (42ms)
		EndReloadAssembly (955ms)
			LoadAssemblies (96ms)
			RebuildTransferFunctionScriptingTraits (0ms)
			SetupTypeCache (368ms)
			ReleaseScriptCaches (1ms)
			RebuildScriptCaches (45ms)
			SetupLoadedEditorAssemblies (405ms)
				LogAssemblyErrors (0ms)
				InitializePlatformSupportModulesInManaged (58ms)
				SetLoadedEditorAssemblies (1ms)
				RefreshPlugins (1ms)
				BeforeProcessingInitializeOnLoad (75ms)
				ProcessInitializeOnLoadAttributes (231ms)
				ProcessInitializeOnLoadMethodAttributes (33ms)
				AfterProcessingInitializeOnLoad (7ms)
				EditorAssembliesLoaded (0ms)
			ExecutionOrderSort2 (0ms)
			AwakeInstancesAfterBackupRestoration (8ms)
Platform modules already initialized, skipping
Refreshing native plugins compatible for Editor in 1.79 ms, found 3 plugins.
Preloading 0 native plugins for Editor in 0.00 ms.
Unloading 3388 Unused Serialized files (Serialized files now loaded: 0)
Unloading 32 unused Assets / (0.7 MB). Loaded Objects now: 3911.
Memory consumption went from 123.4 MB to 122.7 MB.
Total: 4.133900 ms (FindLiveObjects: 0.324100 ms CreateObjectMapping: 0.191100 ms MarkObjects: 3.273900 ms  DeleteObjects: 0.343900 ms)

AssetImportParameters requested are different than current active one (requested -> active):
  custom:video-decoder-ogg-theora: a1e56fd34408186e4bbccfd4996cb3dc -> 
  custom:container-muxer-webm: aa71ff27fc2769a1b78a27578f13a17b -> 
  custom:container-demuxer-webm: 4f35f7cbe854078d1ac9338744f61a02 -> 
  custom:video-encoder-webm-vp8: eb34c28f22e8b96e1ab97ce403110664 -> 
  custom:audio-encoder-webm-vorbis: bf7c407c2cedff20999df2af8eb42d56 -> 
  custom:framework-win-MediaFoundation: 216162199b28c13a410421893ffa2e32 -> 
  custom:container-demuxer-ogg: 62fdf1f143b41e24485cea50d1cbac27 -> 
  custom:video-decoder-webm-vp8: 9c59270c3fd7afecdb556c50c9e8de78 -> 
  custom:audio-decoder-ogg-vorbis: bf7c407c2cedff20999df2af8eb42d56 -> 
========================================================================
Received Prepare
Registering precompiled user dll's ...
Registered in 0.005640 seconds.
Begin MonoManager ReloadAssembly
Symbol file LoadedFromMemory doesn't match image C:\wamp64\www\CHILDDAY_2022\Library\PackageCache\com.unity.visualscripting@1.7.6\Editor\VisualScripting.Core\Dependencies\YamlDotNet\Unity.VisualScripting.YamlDotNet.dll
Symbol file LoadedFromMemory doesn't match image C:\wamp64\www\CHILDDAY_2022\Library\PackageCache\com.unity.visualscripting@1.7.6\Editor\VisualScripting.Core\Dependencies\DotNetZip\Unity.VisualScripting.IonicZip.dll
Native extension for WindowsStandalone target not found
Native extension for Android target not found
Native extension for WebGL target not found
Refreshing native plugins compatible for Editor in 0.57 ms, found 3 plugins.
Preloading 0 native plugins for Editor in 0.00 ms.
Mono: successfully reloaded assembly
- Completed reload, in  1.242 seconds
Domain Reload Profiling:
	ReloadAssembly (1243ms)
		BeginReloadAssembly (170ms)
			ExecutionOrderSort (0ms)
			DisableScriptedObjects (6ms)
			BackupInstance (0ms)
			ReleaseScriptingObjects (0ms)
			CreateAndSetChildDomain (40ms)
		EndReloadAssembly (946ms)
			LoadAssemblies (122ms)
			RebuildTransferFunctionScriptingTraits (0ms)
			SetupTypeCache (355ms)
			ReleaseScriptCaches (2ms)
			RebuildScriptCaches (47ms)
			SetupLoadedEditorAssemblies (395ms)
				LogAssemblyErrors (0ms)
				InitializePlatformSupportModulesInManaged (54ms)
				SetLoadedEditorAssemblies (1ms)
				RefreshPlugins (1ms)
				BeforeProcessingInitializeOnLoad (73ms)
				ProcessInitializeOnLoadAttributes (228ms)
				ProcessInitializeOnLoadMethodAttributes (30ms)
				AfterProcessingInitializeOnLoad (10ms)
				EditorAssembliesLoaded (0ms)
			ExecutionOrderSort2 (0ms)
			AwakeInstancesAfterBackupRestoration (8ms)
Platform modules already initialized, skipping
Refreshing native plugins compatible for Editor in 2.08 ms, found 3 plugins.
Preloading 0 native plugins for Editor in 0.00 ms.
Unloading 3388 Unused Serialized files (Serialized files now loaded: 0)
Unloading 32 unused Assets / (0.7 MB). Loaded Objects now: 3914.
Memory consumption went from 123.4 MB to 122.7 MB.
Total: 4.827600 ms (FindLiveObjects: 0.501700 ms CreateObjectMapping: 0.216100 ms MarkObjects: 3.201900 ms  DeleteObjects: 0.906700 ms)

AssetImportParameters requested are different than current active one (requested -> active):
  custom:video-decoder-ogg-theora: a1e56fd34408186e4bbccfd4996cb3dc -> 
  custom:container-muxer-webm: aa71ff27fc2769a1b78a27578f13a17b -> 
  custom:container-demuxer-webm: 4f35f7cbe854078d1ac9338744f61a02 -> 
  custom:video-encoder-webm-vp8: eb34c28f22e8b96e1ab97ce403110664 -> 
  custom:audio-encoder-webm-vorbis: bf7c407c2cedff20999df2af8eb42d56 -> 
  custom:framework-win-MediaFoundation: 216162199b28c13a410421893ffa2e32 -> 
  custom:container-demuxer-ogg: 62fdf1f143b41e24485cea50d1cbac27 -> 
  custom:video-decoder-webm-vp8: 9c59270c3fd7afecdb556c50c9e8de78 -> 
  custom:audio-decoder-ogg-vorbis: bf7c407c2cedff20999df2af8eb42d56 -> 
========================================================================
Received Prepare
Registering precompiled user dll's ...
Registered in 0.006327 seconds.
Begin MonoManager ReloadAssembly
Symbol file LoadedFromMemory doesn't match image C:\wamp64\www\CHILDDAY_2022\Library\PackageCache\com.unity.visualscripting@1.7.6\Editor\VisualScripting.Core\Dependencies\YamlDotNet\Unity.VisualScripting.YamlDotNet.dll
Symbol file LoadedFromMemory doesn't match image C:\wamp64\www\CHILDDAY_2022\Library\PackageCache\com.unity.visualscripting@1.7.6\Editor\VisualScripting.Core\Dependencies\DotNetZip\Unity.VisualScripting.IonicZip.dll
Native extension for WindowsStandalone target not found
Native extension for Android target not found
Native extension for WebGL target not found
Refreshing native plugins compatible for Editor in 0.55 ms, found 3 plugins.
Preloading 0 native plugins for Editor in 0.00 ms.
Mono: successfully reloaded assembly
- Completed reload, in  1.293 seconds
Domain Reload Profiling:
	ReloadAssembly (1295ms)
		BeginReloadAssembly (149ms)
			ExecutionOrderSort (0ms)
			DisableScriptedObjects (6ms)
			BackupInstance (0ms)
			ReleaseScriptingObjects (0ms)
			CreateAndSetChildDomain (40ms)
		EndReloadAssembly (1024ms)
			LoadAssemblies (93ms)
			RebuildTransferFunctionScriptingTraits (0ms)
			SetupTypeCache (335ms)
			ReleaseScriptCaches (2ms)
			RebuildScriptCaches (55ms)
			SetupLoadedEditorAssemblies (465ms)
				LogAssemblyErrors (0ms)
				InitializePlatformSupportModulesInManaged (53ms)
				SetLoadedEditorAssemblies (1ms)
				RefreshPlugins (1ms)
				BeforeProcessingInitializeOnLoad (86ms)
				ProcessInitializeOnLoadAttributes (278ms)
				ProcessInitializeOnLoadMethodAttributes (38ms)
				AfterProcessingInitializeOnLoad (9ms)
				EditorAssembliesLoaded (0ms)
			ExecutionOrderSort2 (0ms)
			AwakeInstancesAfterBackupRestoration (9ms)
Platform modules already initialized, skipping
Refreshing native plugins compatible for Editor in 2.00 ms, found 3 plugins.
Preloading 0 native plugins for Editor in 0.00 ms.
Unloading 3388 Unused Serialized files (Serialized files now loaded: 0)
Unloading 32 unused Assets / (0.7 MB). Loaded Objects now: 3917.
Memory consumption went from 123.4 MB to 122.7 MB.
Total: 4.238500 ms (FindLiveObjects: 0.328200 ms CreateObjectMapping: 0.298500 ms MarkObjects: 3.191800 ms  DeleteObjects: 0.418800 ms)

AssetImportParameters requested are different than current active one (requested -> active):
  custom:video-decoder-ogg-theora: a1e56fd34408186e4bbccfd4996cb3dc -> 
  custom:container-muxer-webm: aa71ff27fc2769a1b78a27578f13a17b -> 
  custom:container-demuxer-webm: 4f35f7cbe854078d1ac9338744f61a02 -> 
  custom:video-encoder-webm-vp8: eb34c28f22e8b96e1ab97ce403110664 -> 
  custom:audio-encoder-webm-vorbis: bf7c407c2cedff20999df2af8eb42d56 -> 
  custom:framework-win-MediaFoundation: 216162199b28c13a410421893ffa2e32 -> 
  custom:container-demuxer-ogg: 62fdf1f143b41e24485cea50d1cbac27 -> 
  custom:video-decoder-webm-vp8: 9c59270c3fd7afecdb556c50c9e8de78 -> 
  custom:audio-decoder-ogg-vorbis: bf7c407c2cedff20999df2af8eb42d56 -> 
========================================================================
Received Prepare
Registering precompiled user dll's ...
Registered in 0.005921 seconds.
Begin MonoManager ReloadAssembly
Symbol file LoadedFromMemory doesn't match image C:\wamp64\www\CHILDDAY_2022\Library\PackageCache\com.unity.visualscripting@1.7.6\Editor\VisualScripting.Core\Dependencies\YamlDotNet\Unity.VisualScripting.YamlDotNet.dll
Symbol file LoadedFromMemory doesn't match image C:\wamp64\www\CHILDDAY_2022\Library\PackageCache\com.unity.visualscripting@1.7.6\Editor\VisualScripting.Core\Dependencies\DotNetZip\Unity.VisualScripting.IonicZip.dll
Native extension for WindowsStandalone target not found
Native extension for Android target not found
Native extension for WebGL target not found
Refreshing native plugins compatible for Editor in 0.60 ms, found 3 plugins.
Preloading 0 native plugins for Editor in 0.00 ms.
Mono: successfully reloaded assembly
- Completed reload, in  1.250 seconds
Domain Reload Profiling:
	ReloadAssembly (1251ms)
		BeginReloadAssembly (149ms)
			ExecutionOrderSort (0ms)
			DisableScriptedObjects (6ms)
			BackupInstance (0ms)
			ReleaseScriptingObjects (0ms)
			CreateAndSetChildDomain (40ms)
		EndReloadAssembly (988ms)
			LoadAssemblies (97ms)
			RebuildTransferFunctionScriptingTraits (0ms)
			SetupTypeCache (310ms)
			ReleaseScriptCaches (2ms)
			RebuildScriptCaches (56ms)
			SetupLoadedEditorAssemblies (459ms)
				LogAssemblyErrors (0ms)
				InitializePlatformSupportModulesInManaged (62ms)
				SetLoadedEditorAssemblies (1ms)
				RefreshPlugins (1ms)
				BeforeProcessingInitializeOnLoad (86ms)
				ProcessInitializeOnLoadAttributes (263ms)
				ProcessInitializeOnLoadMethodAttributes (38ms)
				AfterProcessingInitializeOnLoad (8ms)
				EditorAssembliesLoaded (0ms)
			ExecutionOrderSort2 (0ms)
			AwakeInstancesAfterBackupRestoration (8ms)
Platform modules already initialized, skipping
Refreshing native plugins compatible for Editor in 1.94 ms, found 3 plugins.
Preloading 0 native plugins for Editor in 0.00 ms.
Unloading 3388 Unused Serialized files (Serialized files now loaded: 0)
Unloading 32 unused Assets / (0.7 MB). Loaded Objects now: 3920.
Memory consumption went from 123.4 MB to 122.7 MB.
Total: 3.817800 ms (FindLiveObjects: 0.334200 ms CreateObjectMapping: 0.198500 ms MarkObjects: 2.864700 ms  DeleteObjects: 0.418900 ms)

AssetImportParameters requested are different than current active one (requested -> active):
  custom:video-decoder-ogg-theora: a1e56fd34408186e4bbccfd4996cb3dc -> 
  custom:container-muxer-webm: aa71ff27fc2769a1b78a27578f13a17b -> 
  custom:container-demuxer-webm: 4f35f7cbe854078d1ac9338744f61a02 -> 
  custom:video-encoder-webm-vp8: eb34c28f22e8b96e1ab97ce403110664 -> 
  custom:audio-encoder-webm-vorbis: bf7c407c2cedff20999df2af8eb42d56 -> 
  custom:framework-win-MediaFoundation: 216162199b28c13a410421893ffa2e32 -> 
  custom:container-demuxer-ogg: 62fdf1f143b41e24485cea50d1cbac27 -> 
  custom:video-decoder-webm-vp8: 9c59270c3fd7afecdb556c50c9e8de78 -> 
  custom:audio-decoder-ogg-vorbis: bf7c407c2cedff20999df2af8eb42d56 -> 
========================================================================
Received Import Request.
  Time since last request: 296.707854 seconds.
  path: Assets/ESCENAS/LOADING.unity
  artifactKey: Guid(9fc0d4010bbf28b4594072e72b8655ab) Importer(815301076,1909f56bfc062723c751e8b465ee728b)
Start importing Assets/ESCENAS/LOADING.unity using Guid(9fc0d4010bbf28b4594072e72b8655ab) Importer(815301076,1909f56bfc062723c751e8b465ee728b)  -> (artifact id: '1cf8c89a0b2923e4844cb606017ae17e') in 0.010738 seconds 
========================================================================
Received Import Request.
  Time since last request: 5.222805 seconds.
  path: Assets/ESCENAS/LOADING 1.unity
  artifactKey: Guid(bbdec1fb83ec4fd4f8b82008d1a89710) Importer(815301076,1909f56bfc062723c751e8b465ee728b)
Start importing Assets/ESCENAS/LOADING 1.unity using Guid(bbdec1fb83ec4fd4f8b82008d1a89710) Importer(815301076,1909f56bfc062723c751e8b465ee728b)  -> (artifact id: 'c1225d7c177dc78acb6c75b5ef38ab90') in 0.008050 seconds 
========================================================================
Received Import Request.
  Time since last request: 10.749824 seconds.
  path: Assets/ESCENAS/LOGIN.unity
  artifactKey: Guid(bbdec1fb83ec4fd4f8b82008d1a89710) Importer(815301076,1909f56bfc062723c751e8b465ee728b)
Start importing Assets/ESCENAS/LOGIN.unity using Guid(bbdec1fb83ec4fd4f8b82008d1a89710) Importer(815301076,1909f56bfc062723c751e8b465ee728b)  -> (artifact id: 'd5e2e5246f8c5771c9d663192410ab5a') in 0.008206 seconds 
========================================================================
Received Import Request.
  Time since last request: 23.166538 seconds.
  path: Assets/RECURSOS/FONDOS/Screen_LOGIN.jpg
  artifactKey: Guid(db25738aa4706fb42af331a62781290e) Importer(815301076,1909f56bfc062723c751e8b465ee728b)
Start importing Assets/RECURSOS/FONDOS/Screen_LOGIN.jpg using Guid(db25738aa4706fb42af331a62781290e) Importer(815301076,1909f56bfc062723c751e8b465ee728b)  -> (artifact id: '75045b2f44b1f6085fb27344d3785d09') in 0.126719 seconds 
========================================================================
Received Import Request.
  Time since last request: 4.875012 seconds.
  path: Assets/RECURSOS/FONDOS/Screen_LOGIN.jpg
  artifactKey: Guid(db25738aa4706fb42af331a62781290e) Importer(815301076,1909f56bfc062723c751e8b465ee728b)
Start importing Assets/RECURSOS/FONDOS/Screen_LOGIN.jpg using Guid(db25738aa4706fb42af331a62781290e) Importer(815301076,1909f56bfc062723c751e8b465ee728b)  -> (artifact id: '5a830718d5607178d5526e5fcfe94c84') in 0.323826 seconds 
========================================================================
Received Import Request.
  Time since last request: 196.478191 seconds.
  path: Assets/RECURSOS/UI
  artifactKey: Guid(b050db127e125c44eab253d0c69a47b7) Importer(815301076,1909f56bfc062723c751e8b465ee728b)
Start importing Assets/RECURSOS/UI using Guid(b050db127e125c44eab253d0c69a47b7) Importer(815301076,1909f56bfc062723c751e8b465ee728b)  -> (artifact id: 'b9280900dddba08c10712125c4c015b1') in 0.008786 seconds 
========================================================================
Received Import Request.
  Time since last request: 8.388888 seconds.
  path: Assets/RECURSOS/UI/BOTON_Login.png
  artifactKey: Guid(e3fd97743f8bcb84a9f58eada7ed7ab7) Importer(815301076,1909f56bfc062723c751e8b465ee728b)
Start importing Assets/RECURSOS/UI/BOTON_Login.png using Guid(e3fd97743f8bcb84a9f58eada7ed7ab7) Importer(815301076,1909f56bfc062723c751e8b465ee728b)  -> (artifact id: '808fa78f04ae66385bdb358cb8b19e51') in 0.018592 seconds 
========================================================================
Received Import Request.
  Time since last request: 5.118580 seconds.
  path: Assets/RECURSOS/UI/BOTON_Login.png
  artifactKey: Guid(e3fd97743f8bcb84a9f58eada7ed7ab7) Importer(815301076,1909f56bfc062723c751e8b465ee728b)
Start importing Assets/RECURSOS/UI/BOTON_Login.png using Guid(e3fd97743f8bcb84a9f58eada7ed7ab7) Importer(815301076,1909f56bfc062723c751e8b465ee728b)  -> (artifact id: '95b18e2f01f2d77edf15c5bb1a03552b') in 0.028468 seconds 
========================================================================
Received Prepare
Registering precompiled user dll's ...
Registered in 0.005868 seconds.
Begin MonoManager ReloadAssembly
Symbol file LoadedFromMemory doesn't match image C:\wamp64\www\CHILDDAY_2022\Library\PackageCache\com.unity.visualscripting@1.7.6\Editor\VisualScripting.Core\Dependencies\YamlDotNet\Unity.VisualScripting.YamlDotNet.dll
Symbol file LoadedFromMemory doesn't match image C:\wamp64\www\CHILDDAY_2022\Library\PackageCache\com.unity.visualscripting@1.7.6\Editor\VisualScripting.Core\Dependencies\DotNetZip\Unity.VisualScripting.IonicZip.dll
Native extension for WindowsStandalone target not found
Native extension for Android target not found
Native extension for WebGL target not found
Refreshing native plugins compatible for Editor in 0.65 ms, found 3 plugins.
Preloading 0 native plugins for Editor in 0.00 ms.
Mono: successfully reloaded assembly
- Completed reload, in  1.222 seconds
Domain Reload Profiling:
	ReloadAssembly (1222ms)
		BeginReloadAssembly (152ms)
			ExecutionOrderSort (0ms)
			DisableScriptedObjects (7ms)
			BackupInstance (0ms)
			ReleaseScriptingObjects (0ms)
			CreateAndSetChildDomain (40ms)
		EndReloadAssembly (958ms)
			LoadAssemblies (91ms)
			RebuildTransferFunctionScriptingTraits (0ms)
			SetupTypeCache (313ms)
			ReleaseScriptCaches (1ms)
			RebuildScriptCaches (51ms)
			SetupLoadedEditorAssemblies (440ms)
				LogAssemblyErrors (0ms)
				InitializePlatformSupportModulesInManaged (53ms)
				SetLoadedEditorAssemblies (1ms)
				RefreshPlugins (1ms)
				BeforeProcessingInitializeOnLoad (82ms)
				ProcessInitializeOnLoadAttributes (260ms)
				ProcessInitializeOnLoadMethodAttributes (34ms)
				AfterProcessingInitializeOnLoad (8ms)
				EditorAssembliesLoaded (0ms)
			ExecutionOrderSort2 (0ms)
			AwakeInstancesAfterBackupRestoration (8ms)
Platform modules already initialized, skipping
Refreshing native plugins compatible for Editor in 2.22 ms, found 3 plugins.
Preloading 0 native plugins for Editor in 0.00 ms.
Unloading 3388 Unused Serialized files (Serialized files now loaded: 0)
Unloading 32 unused Assets / (0.7 MB). Loaded Objects now: 3927.
Memory consumption went from 123.5 MB to 122.7 MB.
Total: 3.630100 ms (FindLiveObjects: 0.500000 ms CreateObjectMapping: 0.239900 ms MarkObjects: 2.441900 ms  DeleteObjects: 0.446800 ms)

AssetImportParameters requested are different than current active one (requested -> active):
  custom:video-decoder-ogg-theora: a1e56fd34408186e4bbccfd4996cb3dc -> 
  custom:container-muxer-webm: aa71ff27fc2769a1b78a27578f13a17b -> 
  custom:container-demuxer-webm: 4f35f7cbe854078d1ac9338744f61a02 -> 
  custom:video-encoder-webm-vp8: eb34c28f22e8b96e1ab97ce403110664 -> 
  custom:audio-encoder-webm-vorbis: bf7c407c2cedff20999df2af8eb42d56 -> 
  custom:framework-win-MediaFoundation: 216162199b28c13a410421893ffa2e32 -> 
  custom:container-demuxer-ogg: 62fdf1f143b41e24485cea50d1cbac27 -> 
  custom:video-decoder-webm-vp8: 9c59270c3fd7afecdb556c50c9e8de78 -> 
  custom:audio-decoder-ogg-vorbis: bf7c407c2cedff20999df2af8eb42d56 -> 
========================================================================
Received Prepare
Registering precompiled user dll's ...
Registered in 0.005415 seconds.
Begin MonoManager ReloadAssembly
Symbol file LoadedFromMemory doesn't match image C:\wamp64\www\CHILDDAY_2022\Library\PackageCache\com.unity.visualscripting@1.7.6\Editor\VisualScripting.Core\Dependencies\YamlDotNet\Unity.VisualScripting.YamlDotNet.dll
Symbol file LoadedFromMemory doesn't match image C:\wamp64\www\CHILDDAY_2022\Library\PackageCache\com.unity.visualscripting@1.7.6\Editor\VisualScripting.Core\Dependencies\DotNetZip\Unity.VisualScripting.IonicZip.dll
Native extension for WindowsStandalone target not found
Native extension for Android target not found
Native extension for WebGL target not found
Refreshing native plugins compatible for Editor in 0.61 ms, found 3 plugins.
Preloading 0 native plugins for Editor in 0.00 ms.
Mono: successfully reloaded assembly
- Completed reload, in  1.236 seconds
Domain Reload Profiling:
	ReloadAssembly (1237ms)
		BeginReloadAssembly (150ms)
			ExecutionOrderSort (0ms)
			DisableScriptedObjects (8ms)
			BackupInstance (0ms)
			ReleaseScriptingObjects (0ms)
			CreateAndSetChildDomain (38ms)
		EndReloadAssembly (973ms)
			LoadAssemblies (102ms)
			RebuildTransferFunctionScriptingTraits (0ms)
			SetupTypeCache (311ms)
			ReleaseScriptCaches (1ms)
			RebuildScriptCaches (56ms)
			SetupLoadedEditorAssemblies (441ms)
				LogAssemblyErrors (0ms)
				InitializePlatformSupportModulesInManaged (52ms)
				SetLoadedEditorAssemblies (1ms)
				RefreshPlugins (1ms)
				BeforeProcessingInitializeOnLoad (81ms)
				ProcessInitializeOnLoadAttributes (263ms)
				ProcessInitializeOnLoadMethodAttributes (36ms)
				AfterProcessingInitializeOnLoad (8ms)
				EditorAssembliesLoaded (0ms)
			ExecutionOrderSort2 (0ms)
			AwakeInstancesAfterBackupRestoration (8ms)
Platform modules already initialized, skipping
Refreshing native plugins compatible for Editor in 2.14 ms, found 3 plugins.
Preloading 0 native plugins for Editor in 0.00 ms.
Unloading 3388 Unused Serialized files (Serialized files now loaded: 0)
Unloading 32 unused Assets / (0.7 MB). Loaded Objects now: 3930.
Memory consumption went from 123.5 MB to 122.8 MB.
Total: 3.661500 ms (FindLiveObjects: 0.335000 ms CreateObjectMapping: 0.205800 ms MarkObjects: 2.701600 ms  DeleteObjects: 0.417800 ms)

AssetImportParameters requested are different than current active one (requested -> active):
  custom:video-decoder-ogg-theora: a1e56fd34408186e4bbccfd4996cb3dc -> 
  custom:container-muxer-webm: aa71ff27fc2769a1b78a27578f13a17b -> 
  custom:container-demuxer-webm: 4f35f7cbe854078d1ac9338744f61a02 -> 
  custom:video-encoder-webm-vp8: eb34c28f22e8b96e1ab97ce403110664 -> 
  custom:audio-encoder-webm-vorbis: bf7c407c2cedff20999df2af8eb42d56 -> 
  custom:framework-win-MediaFoundation: 216162199b28c13a410421893ffa2e32 -> 
  custom:container-demuxer-ogg: 62fdf1f143b41e24485cea50d1cbac27 -> 
  custom:video-decoder-webm-vp8: 9c59270c3fd7afecdb556c50c9e8de78 -> 
  custom:audio-decoder-ogg-vorbis: bf7c407c2cedff20999df2af8eb42d56 -> 
========================================================================
Received Prepare
Registering precompiled user dll's ...
Registered in 0.005605 seconds.
Begin MonoManager ReloadAssembly
Symbol file LoadedFromMemory doesn't match image C:\wamp64\www\CHILDDAY_2022\Library\PackageCache\com.unity.visualscripting@1.7.6\Editor\VisualScripting.Core\Dependencies\YamlDotNet\Unity.VisualScripting.YamlDotNet.dll
Symbol file LoadedFromMemory doesn't match image C:\wamp64\www\CHILDDAY_2022\Library\PackageCache\com.unity.visualscripting@1.7.6\Editor\VisualScripting.Core\Dependencies\DotNetZip\Unity.VisualScripting.IonicZip.dll
Native extension for WindowsStandalone target not found
Native extension for Android target not found
Native extension for WebGL target not found
Refreshing native plugins compatible for Editor in 0.59 ms, found 3 plugins.
Preloading 0 native plugins for Editor in 0.00 ms.
Mono: successfully reloaded assembly
- Completed reload, in  1.221 seconds
Domain Reload Profiling:
	ReloadAssembly (1221ms)
		BeginReloadAssembly (149ms)
			ExecutionOrderSort (0ms)
			DisableScriptedObjects (7ms)
			BackupInstance (0ms)
			ReleaseScriptingObjects (0ms)
			CreateAndSetChildDomain (40ms)
		EndReloadAssembly (960ms)
			LoadAssemblies (91ms)
			RebuildTransferFunctionScriptingTraits (0ms)
			SetupTypeCache (308ms)
			ReleaseScriptCaches (1ms)
			RebuildScriptCaches (53ms)
			SetupLoadedEditorAssemblies (445ms)
				LogAssemblyErrors (0ms)
				InitializePlatformSupportModulesInManaged (56ms)
				SetLoadedEditorAssemblies (1ms)
				RefreshPlugins (1ms)
				BeforeProcessingInitializeOnLoad (83ms)
				ProcessInitializeOnLoadAttributes (261ms)
				ProcessInitializeOnLoadMethodAttributes (34ms)
				AfterProcessingInitializeOnLoad (9ms)
				EditorAssembliesLoaded (1ms)
			ExecutionOrderSort2 (0ms)
			AwakeInstancesAfterBackupRestoration (8ms)
Platform modules already initialized, skipping
Refreshing native plugins compatible for Editor in 1.79 ms, found 3 plugins.
Preloading 0 native plugins for Editor in 0.00 ms.
Unloading 3388 Unused Serialized files (Serialized files now loaded: 0)
Unloading 32 unused Assets / (0.7 MB). Loaded Objects now: 3933.
Memory consumption went from 123.5 MB to 122.8 MB.
Total: 3.879100 ms (FindLiveObjects: 0.350500 ms CreateObjectMapping: 0.230600 ms MarkObjects: 2.902400 ms  DeleteObjects: 0.394500 ms)

AssetImportParameters requested are different than current active one (requested -> active):
  custom:video-decoder-ogg-theora: a1e56fd34408186e4bbccfd4996cb3dc -> 
  custom:container-muxer-webm: aa71ff27fc2769a1b78a27578f13a17b -> 
  custom:container-demuxer-webm: 4f35f7cbe854078d1ac9338744f61a02 -> 
  custom:video-encoder-webm-vp8: eb34c28f22e8b96e1ab97ce403110664 -> 
  custom:audio-encoder-webm-vorbis: bf7c407c2cedff20999df2af8eb42d56 -> 
  custom:framework-win-MediaFoundation: 216162199b28c13a410421893ffa2e32 -> 
  custom:container-demuxer-ogg: 62fdf1f143b41e24485cea50d1cbac27 -> 
  custom:video-decoder-webm-vp8: 9c59270c3fd7afecdb556c50c9e8de78 -> 
  custom:audio-decoder-ogg-vorbis: bf7c407c2cedff20999df2af8eb42d56 -> 
========================================================================
Received Prepare
Registering precompiled user dll's ...
Registered in 0.005368 seconds.
Begin MonoManager ReloadAssembly
Symbol file LoadedFromMemory doesn't match image C:\wamp64\www\CHILDDAY_2022\Library\PackageCache\com.unity.visualscripting@1.7.6\Editor\VisualScripting.Core\Dependencies\YamlDotNet\Unity.VisualScripting.YamlDotNet.dll
Symbol file LoadedFromMemory doesn't match image C:\wamp64\www\CHILDDAY_2022\Library\PackageCache\com.unity.visualscripting@1.7.6\Editor\VisualScripting.Core\Dependencies\DotNetZip\Unity.VisualScripting.IonicZip.dll
Native extension for WindowsStandalone target not found
Native extension for Android target not found
Native extension for WebGL target not found
Refreshing native plugins compatible for Editor in 0.66 ms, found 3 plugins.
Preloading 0 native plugins for Editor in 0.00 ms.
Mono: successfully reloaded assembly
- Completed reload, in  1.248 seconds
Domain Reload Profiling:
	ReloadAssembly (1249ms)
		BeginReloadAssembly (146ms)
			ExecutionOrderSort (0ms)
			DisableScriptedObjects (7ms)
			BackupInstance (0ms)
			ReleaseScriptingObjects (0ms)
			CreateAndSetChildDomain (38ms)
		EndReloadAssembly (991ms)
			LoadAssemblies (91ms)
			RebuildTransferFunctionScriptingTraits (0ms)
			SetupTypeCache (314ms)
			ReleaseScriptCaches (2ms)
			RebuildScriptCaches (55ms)
			SetupLoadedEditorAssemblies (459ms)
				LogAssemblyErrors (0ms)
				InitializePlatformSupportModulesInManaged (60ms)
				SetLoadedEditorAssemblies (1ms)
				RefreshPlugins (1ms)
				BeforeProcessingInitializeOnLoad (84ms)
				ProcessInitializeOnLoadAttributes (269ms)
				ProcessInitializeOnLoadMethodAttributes (37ms)
				AfterProcessingInitializeOnLoad (8ms)
				EditorAssembliesLoaded (0ms)
			ExecutionOrderSort2 (0ms)
			AwakeInstancesAfterBackupRestoration (9ms)
Platform modules already initialized, skipping
Refreshing native plugins compatible for Editor in 2.10 ms, found 3 plugins.
Preloading 0 native plugins for Editor in 0.00 ms.
Unloading 3388 Unused Serialized files (Serialized files now loaded: 0)
Unloading 32 unused Assets / (0.7 MB). Loaded Objects now: 3936.
Memory consumption went from 123.5 MB to 122.8 MB.
Total: 4.698900 ms (FindLiveObjects: 0.465300 ms CreateObjectMapping: 0.226100 ms MarkObjects: 3.641300 ms  DeleteObjects: 0.365000 ms)

AssetImportParameters requested are different than current active one (requested -> active):
  custom:video-decoder-ogg-theora: a1e56fd34408186e4bbccfd4996cb3dc -> 
  custom:container-muxer-webm: aa71ff27fc2769a1b78a27578f13a17b -> 
  custom:container-demuxer-webm: 4f35f7cbe854078d1ac9338744f61a02 -> 
  custom:video-encoder-webm-vp8: eb34c28f22e8b96e1ab97ce403110664 -> 
  custom:audio-encoder-webm-vorbis: bf7c407c2cedff20999df2af8eb42d56 -> 
  custom:framework-win-MediaFoundation: 216162199b28c13a410421893ffa2e32 -> 
  custom:container-demuxer-ogg: 62fdf1f143b41e24485cea50d1cbac27 -> 
  custom:video-decoder-webm-vp8: 9c59270c3fd7afecdb556c50c9e8de78 -> 
  custom:audio-decoder-ogg-vorbis: bf7c407c2cedff20999df2af8eb42d56 -> 
========================================================================
Received Import Request.
  Time since last request: 256.733105 seconds.
  path: Assets/CODIGOS/ROTAR_Top_Hat.cs
  artifactKey: Guid(59c219177ff914443a91f5e3391809e8) Importer(815301076,1909f56bfc062723c751e8b465ee728b)
Start importing Assets/CODIGOS/ROTAR_Top_Hat.cs using Guid(59c219177ff914443a91f5e3391809e8) Importer(815301076,1909f56bfc062723c751e8b465ee728b)  -> (artifact id: 'ca811e90dd55b06ccc40e3d3e3f4216c') in 0.012282 seconds 
========================================================================
Received Prepare
Registering precompiled user dll's ...
Registered in 0.005980 seconds.
Begin MonoManager ReloadAssembly
Symbol file LoadedFromMemory doesn't match image C:\wamp64\www\CHILDDAY_2022\Library\PackageCache\com.unity.visualscripting@1.7.6\Editor\VisualScripting.Core\Dependencies\YamlDotNet\Unity.VisualScripting.YamlDotNet.dll
Symbol file LoadedFromMemory doesn't match image C:\wamp64\www\CHILDDAY_2022\Library\PackageCache\com.unity.visualscripting@1.7.6\Editor\VisualScripting.Core\Dependencies\DotNetZip\Unity.VisualScripting.IonicZip.dll
Native extension for WindowsStandalone target not found
Native extension for Android target not found
Native extension for WebGL target not found
Refreshing native plugins compatible for Editor in 0.57 ms, found 3 plugins.
Preloading 0 native plugins for Editor in 0.00 ms.
Mono: successfully reloaded assembly
- Completed reload, in  1.324 seconds
Domain Reload Profiling:
	ReloadAssembly (1325ms)
		BeginReloadAssembly (154ms)
			ExecutionOrderSort (0ms)
			DisableScriptedObjects (7ms)
			BackupInstance (0ms)
			ReleaseScriptingObjects (0ms)
			CreateAndSetChildDomain (40ms)
		EndReloadAssembly (1009ms)
			LoadAssemblies (97ms)
			RebuildTransferFunctionScriptingTraits (0ms)
			SetupTypeCache (415ms)
			ReleaseScriptCaches (1ms)
			RebuildScriptCaches (47ms)
			SetupLoadedEditorAssemblies (404ms)
				LogAssemblyErrors (0ms)
				InitializePlatformSupportModulesInManaged (47ms)
				SetLoadedEditorAssemblies (1ms)
				RefreshPlugins (1ms)
				BeforeProcessingInitializeOnLoad (78ms)
				ProcessInitializeOnLoadAttributes (237ms)
				ProcessInitializeOnLoadMethodAttributes (33ms)
				AfterProcessingInitializeOnLoad (7ms)
				EditorAssembliesLoaded (0ms)
			ExecutionOrderSort2 (0ms)
			AwakeInstancesAfterBackupRestoration (8ms)
Platform modules already initialized, skipping
Refreshing native plugins compatible for Editor in 2.14 ms, found 3 plugins.
Preloading 0 native plugins for Editor in 0.00 ms.
Unloading 3389 Unused Serialized files (Serialized files now loaded: 0)
Unloading 32 unused Assets / (0.7 MB). Loaded Objects now: 3940.
Memory consumption went from 123.5 MB to 122.8 MB.
Total: 4.130100 ms (FindLiveObjects: 0.341200 ms CreateObjectMapping: 0.199600 ms MarkObjects: 3.166800 ms  DeleteObjects: 0.421000 ms)

AssetImportParameters requested are different than current active one (requested -> active):
  custom:video-decoder-ogg-theora: a1e56fd34408186e4bbccfd4996cb3dc -> 
  custom:container-muxer-webm: aa71ff27fc2769a1b78a27578f13a17b -> 
  custom:container-demuxer-webm: 4f35f7cbe854078d1ac9338744f61a02 -> 
  custom:video-encoder-webm-vp8: eb34c28f22e8b96e1ab97ce403110664 -> 
  custom:audio-encoder-webm-vorbis: bf7c407c2cedff20999df2af8eb42d56 -> 
  custom:framework-win-MediaFoundation: 216162199b28c13a410421893ffa2e32 -> 
  custom:container-demuxer-ogg: 62fdf1f143b41e24485cea50d1cbac27 -> 
  custom:video-decoder-webm-vp8: 9c59270c3fd7afecdb556c50c9e8de78 -> 
  custom:audio-decoder-ogg-vorbis: bf7c407c2cedff20999df2af8eb42d56 -> 
========================================================================
Received Import Request.
  Time since last request: 42.546153 seconds.
  path: Assets/CODIGOS/ROTAR_Top_Hat.cs
  artifactKey: Guid(59c219177ff914443a91f5e3391809e8) Importer(815301076,1909f56bfc062723c751e8b465ee728b)
Start importing Assets/CODIGOS/ROTAR_Top_Hat.cs using Guid(59c219177ff914443a91f5e3391809e8) Importer(815301076,1909f56bfc062723c751e8b465ee728b)  -> (artifact id: '6327b5ee6a9c369b54e749f5c3ecf59c') in 0.008895 seconds 
========================================================================
Received Prepare
Registering precompiled user dll's ...
Registered in 0.006652 seconds.
Begin MonoManager ReloadAssembly
Symbol file LoadedFromMemory doesn't match image C:\wamp64\www\CHILDDAY_2022\Library\PackageCache\com.unity.visualscripting@1.7.6\Editor\VisualScripting.Core\Dependencies\YamlDotNet\Unity.VisualScripting.YamlDotNet.dll
Symbol file LoadedFromMemory doesn't match image C:\wamp64\www\CHILDDAY_2022\Library\PackageCache\com.unity.visualscripting@1.7.6\Editor\VisualScripting.Core\Dependencies\DotNetZip\Unity.VisualScripting.IonicZip.dll
Native extension for WindowsStandalone target not found
Native extension for Android target not found
Native extension for WebGL target not found
Refreshing native plugins compatible for Editor in 0.60 ms, found 3 plugins.
Preloading 0 native plugins for Editor in 0.00 ms.
Mono: successfully reloaded assembly
- Completed reload, in  1.206 seconds
Domain Reload Profiling:
	ReloadAssembly (1207ms)
		BeginReloadAssembly (152ms)
			ExecutionOrderSort (0ms)
			DisableScriptedObjects (7ms)
			BackupInstance (0ms)
			ReleaseScriptingObjects (0ms)
			CreateAndSetChildDomain (43ms)
		EndReloadAssembly (922ms)
			LoadAssemblies (91ms)
			RebuildTransferFunctionScriptingTraits (0ms)
			SetupTypeCache (344ms)
			ReleaseScriptCaches (1ms)
			RebuildScriptCaches (46ms)
			SetupLoadedEditorAssemblies (395ms)
				LogAssemblyErrors (0ms)
				InitializePlatformSupportModulesInManaged (44ms)
				SetLoadedEditorAssemblies (1ms)
				RefreshPlugins (1ms)
				BeforeProcessingInitializeOnLoad (75ms)
				ProcessInitializeOnLoadAttributes (236ms)
				ProcessInitializeOnLoadMethodAttributes (31ms)
				AfterProcessingInitializeOnLoad (7ms)
				EditorAssembliesLoaded (0ms)
			ExecutionOrderSort2 (0ms)
			AwakeInstancesAfterBackupRestoration (8ms)
Platform modules already initialized, skipping
Refreshing native plugins compatible for Editor in 1.77 ms, found 3 plugins.
Preloading 0 native plugins for Editor in 0.00 ms.
Unloading 3389 Unused Serialized files (Serialized files now loaded: 0)
Unloading 32 unused Assets / (0.7 MB). Loaded Objects now: 3943.
Memory consumption went from 123.5 MB to 122.8 MB.
Total: 4.519000 ms (FindLiveObjects: 0.355400 ms CreateObjectMapping: 0.328400 ms MarkObjects: 3.434000 ms  DeleteObjects: 0.400200 ms)

AssetImportParameters requested are different than current active one (requested -> active):
  custom:video-decoder-ogg-theora: a1e56fd34408186e4bbccfd4996cb3dc -> 
  custom:container-muxer-webm: aa71ff27fc2769a1b78a27578f13a17b -> 
  custom:container-demuxer-webm: 4f35f7cbe854078d1ac9338744f61a02 -> 
  custom:video-encoder-webm-vp8: eb34c28f22e8b96e1ab97ce403110664 -> 
  custom:audio-encoder-webm-vorbis: bf7c407c2cedff20999df2af8eb42d56 -> 
  custom:framework-win-MediaFoundation: 216162199b28c13a410421893ffa2e32 -> 
  custom:container-demuxer-ogg: 62fdf1f143b41e24485cea50d1cbac27 -> 
  custom:video-decoder-webm-vp8: 9c59270c3fd7afecdb556c50c9e8de78 -> 
  custom:audio-decoder-ogg-vorbis: bf7c407c2cedff20999df2af8eb42d56 -> 
========================================================================
Received Prepare
Registering precompiled user dll's ...
Registered in 0.007122 seconds.
Begin MonoManager ReloadAssembly
Symbol file LoadedFromMemory doesn't match image C:\wamp64\www\CHILDDAY_2022\Library\PackageCache\com.unity.visualscripting@1.7.6\Editor\VisualScripting.Core\Dependencies\YamlDotNet\Unity.VisualScripting.YamlDotNet.dll
Symbol file LoadedFromMemory doesn't match image C:\wamp64\www\CHILDDAY_2022\Library\PackageCache\com.unity.visualscripting@1.7.6\Editor\VisualScripting.Core\Dependencies\DotNetZip\Unity.VisualScripting.IonicZip.dll
Native extension for WindowsStandalone target not found
Native extension for Android target not found
Native extension for WebGL target not found
Refreshing native plugins compatible for Editor in 0.54 ms, found 3 plugins.
Preloading 0 native plugins for Editor in 0.00 ms.
Mono: successfully reloaded assembly
- Completed reload, in  1.210 seconds
Domain Reload Profiling:
	ReloadAssembly (1211ms)
		BeginReloadAssembly (151ms)
			ExecutionOrderSort (0ms)
			DisableScriptedObjects (7ms)
			BackupInstance (0ms)
			ReleaseScriptingObjects (0ms)
			CreateAndSetChildDomain (38ms)
		EndReloadAssembly (941ms)
			LoadAssemblies (93ms)
			RebuildTransferFunctionScriptingTraits (0ms)
			SetupTypeCache (318ms)
			ReleaseScriptCaches (1ms)
			RebuildScriptCaches (52ms)
			SetupLoadedEditorAssemblies (422ms)
				LogAssemblyErrors (0ms)
				InitializePlatformSupportModulesInManaged (49ms)
				SetLoadedEditorAssemblies (1ms)
				RefreshPlugins (1ms)
				BeforeProcessingInitializeOnLoad (80ms)
				ProcessInitializeOnLoadAttributes (252ms)
				ProcessInitializeOnLoadMethodAttributes (32ms)
				AfterProcessingInitializeOnLoad (7ms)
				EditorAssembliesLoaded (0ms)
			ExecutionOrderSort2 (0ms)
			AwakeInstancesAfterBackupRestoration (9ms)
Platform modules already initialized, skipping
Refreshing native plugins compatible for Editor in 2.50 ms, found 3 plugins.
Preloading 0 native plugins for Editor in 0.00 ms.
Unloading 3389 Unused Serialized files (Serialized files now loaded: 0)
Unloading 32 unused Assets / (0.7 MB). Loaded Objects now: 3946.
Memory consumption went from 123.6 MB to 122.8 MB.
Total: 3.675700 ms (FindLiveObjects: 0.324300 ms CreateObjectMapping: 0.196900 ms MarkObjects: 2.754900 ms  DeleteObjects: 0.398500 ms)

AssetImportParameters requested are different than current active one (requested -> active):
  custom:video-decoder-ogg-theora: a1e56fd34408186e4bbccfd4996cb3dc -> 
  custom:container-muxer-webm: aa71ff27fc2769a1b78a27578f13a17b -> 
  custom:container-demuxer-webm: 4f35f7cbe854078d1ac9338744f61a02 -> 
  custom:video-encoder-webm-vp8: eb34c28f22e8b96e1ab97ce403110664 -> 
  custom:audio-encoder-webm-vorbis: bf7c407c2cedff20999df2af8eb42d56 -> 
  custom:framework-win-MediaFoundation: 216162199b28c13a410421893ffa2e32 -> 
  custom:container-demuxer-ogg: 62fdf1f143b41e24485cea50d1cbac27 -> 
  custom:video-decoder-webm-vp8: 9c59270c3fd7afecdb556c50c9e8de78 -> 
  custom:audio-decoder-ogg-vorbis: bf7c407c2cedff20999df2af8eb42d56 -> 
========================================================================
Received Import Request.
  Time since last request: 114.358217 seconds.
  path: Assets/ESCENAS/LOADING 1.unity
  artifactKey: Guid(dc115c9b9176cf348ac58105c02fde63) Importer(815301076,1909f56bfc062723c751e8b465ee728b)
Start importing Assets/ESCENAS/LOADING 1.unity using Guid(dc115c9b9176cf348ac58105c02fde63) Importer(815301076,1909f56bfc062723c751e8b465ee728b)  -> (artifact id: '4c9c7bd1fbc0d865950591c5b97defe4') in 0.010337 seconds 
========================================================================
Received Import Request.
  Time since last request: 3.830165 seconds.
  path: Assets/ESCENAS/HOME.unity
  artifactKey: Guid(dc115c9b9176cf348ac58105c02fde63) Importer(815301076,1909f56bfc062723c751e8b465ee728b)
Start importing Assets/ESCENAS/HOME.unity using Guid(dc115c9b9176cf348ac58105c02fde63) Importer(815301076,1909f56bfc062723c751e8b465ee728b)  -> (artifact id: 'b0f7da40511dbc82e5450bb282ee3831') in 0.012415 seconds 
========================================================================
Received Import Request.
  Time since last request: 38.196448 seconds.
  path: Assets/ESCENAS/LOGIN.unity
  artifactKey: Guid(bbdec1fb83ec4fd4f8b82008d1a89710) Importer(815301076,1909f56bfc062723c751e8b465ee728b)
Start importing Assets/ESCENAS/LOGIN.unity using Guid(bbdec1fb83ec4fd4f8b82008d1a89710) Importer(815301076,1909f56bfc062723c751e8b465ee728b)  -> (artifact id: '0013aa3754245398c4a24a8a11c61b16') in 0.007977 seconds 
========================================================================
Received Import Request.
  Time since last request: 9.472748 seconds.
  path: Assets/ESCENAS/HOME.unity
  artifactKey: Guid(dc115c9b9176cf348ac58105c02fde63) Importer(815301076,1909f56bfc062723c751e8b465ee728b)
Start importing Assets/ESCENAS/HOME.unity using Guid(dc115c9b9176cf348ac58105c02fde63) Importer(815301076,1909f56bfc062723c751e8b465ee728b)  -> (artifact id: '31260aa7f1f901a6eb3d49ed35a58969') in 0.003250 seconds 
